#-----------------------------------------------------------
# Vivado v2017.1 (64-bit)
# SW Build 1846317 on Fri Apr 14 18:54:47 MDT 2017
# IP Build 1846188 on Fri Apr 14 20:52:08 MDT 2017
# Start of session at: Thu Aug  8 15:31:58 2019
# Process ID: 19012
# Current directory: /home/ryunosuke/Works/zynqberrydemo1
# Command line: vivado
# Log file: /home/ryunosuke/Works/zynqberrydemo1/vivado.log
# Journal file: /home/ryunosuke/Works/zynqberrydemo1/vivado.jou
#-----------------------------------------------------------
start_gui
open_project /home/ryunosuke/Works/zynqberrydemo1/vivado/zynqberrydemo1.xpr
CRITICAL WARNING: [Project 1-19] Could not find the file '/home/ryunosuke/Works/zynqberrydemo1/sources/AddrManager.v'.
CRITICAL WARNING: [Project 1-19] Could not find the file '/home/ryunosuke/Works/zynqberrydemo1/sources/LineBuffer_4lines.v'.
CRITICAL WARNING: [Project 1-19] Could not find the file '/home/ryunosuke/Works/zynqberrydemo1/sources/laplacian.v'.
CRITICAL WARNING: [Project 1-19] Could not find the file '/home/ryunosuke/Works/zynqberrydemo1/sources/lineBufBlock.v'.
CRITICAL WARNING: [Project 1-19] Could not find the file '/home/ryunosuke/Works/zynqberrydemo1/sources/test_LineBufPassThrough.v'.
CRITICAL WARNING: [Project 1-19] Could not find the file '/home/ryunosuke/Works/zynqberrydemo1/sources/sobel.v'.
CRITICAL WARNING: [Project 1-19] Could not find the file '/home/ryunosuke/Works/zynqberrydemo1/sources/passThrough.v'.
CRITICAL WARNING: [Project 1-19] Could not find the file '/home/ryunosuke/Works/zynqberrydemo1/sources/enhancement.v'.
CRITICAL WARNING: [Project 1-19] Could not find the file '/home/ryunosuke/Works/zynqberrydemo1/sources/ClockedOneShot.v'.
CRITICAL WARNING: [Project 1-19] Could not find the file '/home/ryunosuke/Works/zynqberrydemo1/sources/GrayScale.v'.
CRITICAL WARNING: [Project 1-19] Could not find the file '/home/ryunosuke/Works/zynqberrydemo1/sources/ImgProcessMux.v'.
CRITICAL WARNING: [Project 1-19] Could not find the file '/home/ryunosuke/Works/zynqberrydemo1/sources/negPosInv.v'.
CRITICAL WARNING: [Project 1-19] Could not find the file '/home/ryunosuke/Works/zynqberrydemo1/sources/ImageProcess.v'.
Scanning sources...
Finished scanning sources
INFO: [IP_Flow 19-234] Refreshing IP repositories
INFO: [IP_Flow 19-1700] Loaded user IP repository '/home/ryunosuke/Works/zynqberrydemo1/ip_lib'.
INFO: [IP_Flow 19-2313] Loaded Vivado IP repository '/opt/Xilinx/Vivado/2017.1/data/ip'.
WARNING: [IP_Flow 19-3664] IP 'zsys_rst_processing_system7_0_50M_0' generated file not found '/home/ryunosuke/Works/zynqberrydemo1/vivado/zynqberrydemo1.srcs/sources_1/bd/zsys/ip/zsys_rst_processing_system7_0_50M_0/stats.txt'. Please regenerate to continue.
WARNING: [IP_Flow 19-3664] IP 'zsys_auto_pc_2' generated file not found '/home/ryunosuke/Works/zynqberrydemo1/vivado/zynqberrydemo1.srcs/sources_1/bd/zsys/ip/zsys_auto_pc_2/stats.txt'. Please regenerate to continue.
WARNING: [IP_Flow 19-3664] IP 'zsys_auto_pc_1' generated file not found '/home/ryunosuke/Works/zynqberrydemo1/vivado/zynqberrydemo1.srcs/sources_1/bd/zsys/ip/zsys_auto_pc_1/stats.txt'. Please regenerate to continue.
WARNING: [IP_Flow 19-3664] IP 'zsys_auto_pc_0' generated file not found '/home/ryunosuke/Works/zynqberrydemo1/vivado/zynqberrydemo1.srcs/sources_1/bd/zsys/ip/zsys_auto_pc_0/stats.txt'. Please regenerate to continue.
open_project: Time (s): cpu = 00:00:21 ; elapsed = 00:00:08 . Memory (MB): peak = 6242.867 ; gain = 293.012 ; free physical = 3085 ; free virtual = 7173
update_compile_order -fileset sources_1
WARNING: [IP_Flow 19-3899] Cannot get the environment domain name variable for the component vendor name. Setting the vendor name to 'user.org'.
move_files -fileset sim_1 [get_files  /home/ryunosuke/Works/zynqberrydemo1/sources/ClockedOneShot.v]
move_files -fileset sim_1 [get_files  /home/ryunosuke/Works/zynqberrydemo1/sources/GrayScale.v]
update_compile_order -fileset sources_1
update_module_reference zsys_ImageProcess_0_0
WARNING: [IP_Flow 19-3899] Cannot get the environment domain name variable for the component vendor name. Setting the vendor name to 'user.org'.
WARNING: [IP_Flow 19-3899] Cannot get the environment domain name variable for the component vendor name. Setting the vendor name to 'user.org'.
INFO: [IP_Flow 19-4753] Inferred signal 'reset' from port 'Reset' as interface 'Reset'.
INFO: [IP_Flow 19-4753] Inferred signal 'clock' from port 'Clock' as interface 'Clock'.
INFO: [IP_Flow 19-4728] Bus Interface 'Clock': Added interface parameter 'ASSOCIATED_RESET' with value 'Reset'.
WARNING: [IP_Flow 19-3153] Bus Interface 'Clock': ASSOCIATED_BUSIF bus parameter is missing.
INFO: [IP_Flow 19-234] Refreshing IP repositories
INFO: [IP_Flow 19-1700] Loaded user IP repository '/home/ryunosuke/Works/zynqberrydemo1/ip_lib'.
Adding cell -- trenz.biz:user:axi_reg32:1.0 - axi_reg32_0
Adding cell -- xilinx.com:ip:processing_system7:5.5 - processing_system7_0
Adding cell -- xilinx.com:ip:xlconcat:2.1 - xlconcat_0
Adding cell -- xilinx.com:ip:xlslice:1.0 - xlslice_0
Adding cell -- xilinx.com:ip:xlslice:1.0 - xlslice_1
Adding cell -- xilinx.com:ip:axi_vdma:6.3 - axi_vdma_0
Adding cell -- trenz.biz:user:axis_fb_conv:1.0 - axis_fb_conv_0
Adding cell -- xilinx.com:ip:clk_wiz:5.4 - clk_wiz_1
Adding cell -- xilinx.com:ip:v_tc:6.1 - v_tc_0
Adding cell -- xilinx.com:ip:v_axi4s_vid_out:4.0 - v_axi4s_vid_out_0
Adding cell -- trenz.biz:user:Video_IO_2_HDMI_TMDS:1.0 - Video_IO_2_HDMI_TMDS_0
Adding cell -- user.org:module_ref:ImageProcess:1.0 - ImageProcess_0
WARNING: [BD 41-1731] Type mismatch between connected pins: /video_out/clk_wiz_1/clk_out1(clk) and /video_out/Video_IO_2_HDMI_TMDS_0/video_clk_in(undef)
WARNING: [BD 41-1731] Type mismatch between connected pins: /video_out/clk_wiz_1/locked(undef) and /video_out/ImageProcess_0/Reset(rst)
WARNING: [BD 41-1731] Type mismatch between connected pins: /video_out/clk_wiz_1/clk_out2(clk) and /video_out/Video_IO_2_HDMI_TMDS_0/video_clk5x_in(undef)
Adding cell -- xilinx.com:ip:axi_protocol_converter:2.1 - auto_pc
Adding cell -- xilinx.com:ip:axi_vdma:6.3 - axi_vdma_0
Adding cell -- xilinx.com:ip:axis_data_fifo:1.1 - axis_data_fifo_0
Adding cell -- xilinx.com:ip:axis_data_fifo:1.1 - axis_data_fifo_3
Adding cell -- xilinx.com:ip:axis_data_fifo:1.1 - axis_data_fifo_4
Adding cell -- trenz.biz:user:axis_raw_demosaic:1.0 - axis_raw_demosaic_0
Adding cell -- trenz.biz:user:axis_raw_unpack:1.0 - axis_raw_unpack_0
Adding cell -- trenz.biz:user:csi2_d_phy_rx:1.0 - csi2_d_phy_rx_0
Adding cell -- trenz.biz:user:csi_to_axis:1.0 - csi_to_axis_0
Adding cell -- xilinx.com:ip:proc_sys_reset:5.0 - proc_sys_reset_0
Adding cell -- xilinx.com:ip:proc_sys_reset:5.0 - proc_sys_reset_1
WARNING: [BD 41-1731] Type mismatch between connected pins: /video_in/csi2_d_phy_rx_0/rxbyteclkhs(undef) and /video_in/axis_data_fifo_0/s_axis_aclk(clk)
WARNING: [BD 41-1731] Type mismatch between connected pins: /video_in/csi2_d_phy_rx_0/rxbyteclkhs(undef) and /video_in/csi_to_axis_0/m_axis_aclk(clk)
WARNING: [BD 41-1731] Type mismatch between connected pins: /video_in/csi2_d_phy_rx_0/rxbyteclkhs(undef) and /video_in/proc_sys_reset_0/slowest_sync_clk(clk)
Adding cell -- xilinx.com:ip:axi_protocol_converter:2.1 - auto_pc
Adding cell -- xilinx.com:ip:proc_sys_reset:5.0 - rst_processing_system7_0_50M
Adding cell -- xilinx.com:ip:axi_crossbar:2.1 - xbar
Adding cell -- xilinx.com:ip:axi_protocol_converter:2.1 - auto_pc
Adding cell -- digilentinc.com:user:axi_i2s_adi:1.2 - axi_i2s_adi_0
Adding cell -- trenz.biz:user:axis_to_i2s:1.0 - axis_to_i2s_0
Adding cell -- trenz.biz:user:i2s_to_pwm:1.0 - i2s_to_pwm_0
Adding cell -- xilinx.com:ip:xadc_wiz:3.3 - xadc_wiz_0
WARNING: [BD 41-1731] Type mismatch between connected pins: /audio/axi_aclk(clk) and /audio/i2s_to_pwm_0/clk_in(undef)
Successfully read diagram <zsys> from BD file </home/ryunosuke/Works/zynqberrydemo1/vivado/zynqberrydemo1.srcs/sources_1/bd/zsys/zsys.bd>
Upgrading '/home/ryunosuke/Works/zynqberrydemo1/vivado/zynqberrydemo1.srcs/sources_1/bd/zsys/zsys.bd'
INFO: [IP_Flow 19-1972] Upgraded zsys_ImageProcess_0_0 from ImageProcess_v1_0 1.0 to ImageProcess_v1_0 1.0
WARNING: [BD 41-1731] Type mismatch between connected pins: /video_out/clk_wiz_1/locked(undef) and /video_out/ImageProcess_0_upgraded_ipi/Reset(rst)
Wrote  : </home/ryunosuke/Works/zynqberrydemo1/vivado/zynqberrydemo1.srcs/sources_1/bd/zsys/zsys.bd> 
upgrade_ip: Time (s): cpu = 00:00:12 ; elapsed = 00:00:08 . Memory (MB): peak = 6468.727 ; gain = 77.305 ; free physical = 2706 ; free virtual = 6833
update_module_reference: Time (s): cpu = 00:00:13 ; elapsed = 00:00:08 . Memory (MB): peak = 6468.727 ; gain = 77.305 ; free physical = 2706 ; free virtual = 6833
remove_files  /home/ryunosuke/Works/zynqberrydemo1/sources/test_LineBufPassThrough.v
remove_files  /home/ryunosuke/Works/zynqberrydemo1/ZynqCamera/sources/ClockedOneShot.v
remove_files  /home/ryunosuke/Works/zynqberrydemo1/ZynqCamera/sources/GrayScale.v
remove_files  /home/ryunosuke/Works/zynqberrydemo1/ZynqCamera/sources/MUX.v
remove_files  /home/ryunosuke/Works/zynqberrydemo1/sources/laplacian.v
remove_files  /home/ryunosuke/Works/zynqberrydemo1/sources/negPosInv.v
remove_files  /home/ryunosuke/Works/zynqberrydemo1/ZynqCamera/sources/laplacian.v
remove_files  /home/ryunosuke/Works/zynqberrydemo1/ZynqCamera/sources/negPosInv.v
remove_files  -fileset sim_1 /home/ryunosuke/Works/zynqberrydemo1/sources/ClockedOneShot.v
remove_files  -fileset sim_1 /home/ryunosuke/Works/zynqberrydemo1/sources/GrayScale.v
remove_files  /home/ryunosuke/Works/zynqberrydemo1/sources/ImgProcessMux.v
remove_files  /home/ryunosuke/Works/zynqberrydemo1/sources/enhancement.v
remove_files  /home/ryunosuke/Works/zynqberrydemo1/sources/passThrough.v
update_compile_order -fileset sources_1
update_compile_order -fileset sources_1
update_module_reference zsys_ImageProcess_0_0
WARNING: [IP_Flow 19-3899] Cannot get the environment domain name variable for the component vendor name. Setting the vendor name to 'user.org'.
WARNING: [IP_Flow 19-3899] Cannot get the environment domain name variable for the component vendor name. Setting the vendor name to 'user.org'.
INFO: [IP_Flow 19-4753] Inferred signal 'reset' from port 'Reset' as interface 'Reset'.
INFO: [IP_Flow 19-4753] Inferred signal 'clock' from port 'Clock' as interface 'Clock'.
INFO: [IP_Flow 19-4728] Bus Interface 'Clock': Added interface parameter 'ASSOCIATED_RESET' with value 'Reset'.
WARNING: [IP_Flow 19-3153] Bus Interface 'Clock': ASSOCIATED_BUSIF bus parameter is missing.
INFO: [IP_Flow 19-234] Refreshing IP repositories
INFO: [IP_Flow 19-1700] Loaded user IP repository '/home/ryunosuke/Works/zynqberrydemo1/ip_lib'.
Upgrading '/home/ryunosuke/Works/zynqberrydemo1/vivado/zynqberrydemo1.srcs/sources_1/bd/zsys/zsys.bd'
INFO: [IP_Flow 19-1972] Upgraded zsys_ImageProcess_0_0 from ImageProcess_v1_0 1.0 to ImageProcess_v1_0 1.0
WARNING: [BD 41-1731] Type mismatch between connected pins: /video_out/clk_wiz_1/locked(undef) and /video_out/ImageProcess_0_upgraded_ipi/Reset(rst)
Wrote  : </home/ryunosuke/Works/zynqberrydemo1/vivado/zynqberrydemo1.srcs/sources_1/bd/zsys/zsys.bd> 
remove_files  {/home/ryunosuke/Works/zynqberrydemo1/sources/AddrManager.v /home/ryunosuke/Works/zynqberrydemo1/sources/ImageProcess.v /home/ryunosuke/Works/zynqberrydemo1/sources/LineBuffer_4lines.v /home/ryunosuke/Works/zynqberrydemo1/sources/lineBufBlock.v /home/ryunosuke/Works/zynqberrydemo1/sources/sobel.v}
exit
INFO: [Common 17-206] Exiting Vivado at Thu Aug  8 15:44:06 2019...
