
*** Running vivado
    with args -log zsys_i2s_to_pwm_0_0.vds -m64 -product Vivado -mode batch -messageDb vivado.pb -notrace -source zsys_i2s_to_pwm_0_0.tcl


****** Vivado v2017.1 (64-bit)
  **** SW Build 1846317 on Fri Apr 14 18:54:47 MDT 2017
  **** IP Build 1846188 on Fri Apr 14 20:52:08 MDT 2017
    ** Copyright 1986-2017 Xilinx, Inc. All Rights Reserved.

source zsys_i2s_to_pwm_0_0.tcl -notrace
Command: synth_design -top zsys_i2s_to_pwm_0_0 -part xc7z010clg225-1 -mode out_of_context
Starting synth_design
Attempting to get a license for feature 'Synthesis' and/or device 'xc7z010-clg225'
INFO: [Common 17-349] Got license for feature 'Synthesis' and/or device 'xc7z010-clg225'
INFO: Launching helper process for spawning children vivado processes
INFO: Helper process launched with PID 21997 
---------------------------------------------------------------------------------
Starting RTL Elaboration : Time (s): cpu = 00:00:07 ; elapsed = 00:00:07 . Memory (MB): peak = 1142.375 ; gain = 59.000 ; free physical = 129 ; free virtual = 1909
---------------------------------------------------------------------------------
INFO: [Synth 8-638] synthesizing module 'zsys_i2s_to_pwm_0_0' [/home/ryunosuke/Works/zynqberrydemo1/vivado/zynqberrydemo1.srcs/sources_1/bd/zsys/ip/zsys_i2s_to_pwm_0_0/synth/zsys_i2s_to_pwm_0_0.vhd:67]
	Parameter C_SYS_FREQ bound to: 150000000 - type: integer 
	Parameter C_PWM_FREQ bound to: 100000 - type: integer 
INFO: [Synth 8-3491] module 'i2s_to_pwm' declared at '/home/ryunosuke/Works/zynqberrydemo1/vivado/zynqberrydemo1.srcs/sources_1/bd/zsys/ipshared/7b8f/hdl/i2s_to_pwm.vhd:9' bound to instance 'U0' of component 'i2s_to_pwm' [/home/ryunosuke/Works/zynqberrydemo1/vivado/zynqberrydemo1.srcs/sources_1/bd/zsys/ip/zsys_i2s_to_pwm_0_0/synth/zsys_i2s_to_pwm_0_0.vhd:89]
INFO: [Synth 8-638] synthesizing module 'i2s_to_pwm' [/home/ryunosuke/Works/zynqberrydemo1/vivado/zynqberrydemo1.srcs/sources_1/bd/zsys/ipshared/7b8f/hdl/i2s_to_pwm.vhd:27]
	Parameter C_SYS_FREQ bound to: 150000000 - type: integer 
	Parameter C_PWM_FREQ bound to: 100000 - type: integer 
INFO: [Synth 8-256] done synthesizing module 'i2s_to_pwm' (1#1) [/home/ryunosuke/Works/zynqberrydemo1/vivado/zynqberrydemo1.srcs/sources_1/bd/zsys/ipshared/7b8f/hdl/i2s_to_pwm.vhd:27]
INFO: [Synth 8-256] done synthesizing module 'zsys_i2s_to_pwm_0_0' (2#1) [/home/ryunosuke/Works/zynqberrydemo1/vivado/zynqberrydemo1.srcs/sources_1/bd/zsys/ip/zsys_i2s_to_pwm_0_0/synth/zsys_i2s_to_pwm_0_0.vhd:67]
---------------------------------------------------------------------------------
Finished RTL Elaboration : Time (s): cpu = 00:00:08 ; elapsed = 00:00:08 . Memory (MB): peak = 1182.875 ; gain = 99.500 ; free physical = 156 ; free virtual = 1679
---------------------------------------------------------------------------------

Report Check Netlist: 
+------+------------------+-------+---------+-------+------------------+
|      |Item              |Errors |Warnings |Status |Description       |
+------+------------------+-------+---------+-------+------------------+
|1     |multi_driven_nets |      0|        0|Passed |Multi driven nets |
+------+------------------+-------+---------+-------+------------------+
---------------------------------------------------------------------------------
Finished RTL Optimization Phase 1 : Time (s): cpu = 00:00:08 ; elapsed = 00:00:09 . Memory (MB): peak = 1182.875 ; gain = 99.500 ; free physical = 179 ; free virtual = 1705
---------------------------------------------------------------------------------
INFO: [Device 21-403] Loading part xc7z010clg225-1

*** Running vivado
    with args -log zsys_i2s_to_pwm_0_0.vds -m64 -product Vivado -mode batch -messageDb vivado.pb -notrace -source zsys_i2s_to_pwm_0_0.tcl


****** Vivado v2017.1 (64-bit)
  **** SW Build 1846317 on Fri Apr 14 18:54:47 MDT 2017
  **** IP Build 1846188 on Fri Apr 14 20:52:08 MDT 2017
    ** Copyright 1986-2017 Xilinx, Inc. All Rights Reserved.

source zsys_i2s_to_pwm_0_0.tcl -notrace
Command: synth_design -top zsys_i2s_to_pwm_0_0 -part xc7z010clg225-1 -mode out_of_context
Starting synth_design
Attempting to get a license for feature 'Synthesis' and/or device 'xc7z010-clg225'
INFO: [Common 17-349] Got license for feature 'Synthesis' and/or device 'xc7z010-clg225'
INFO: Launching helper process for spawning children vivado processes
INFO: Helper process launched with PID 9087 
---------------------------------------------------------------------------------
Starting RTL Elaboration : Time (s): cpu = 00:00:07 ; elapsed = 00:00:07 . Memory (MB): peak = 1142.367 ; gain = 59.000 ; free physical = 1095 ; free virtual = 5432
---------------------------------------------------------------------------------
INFO: [Synth 8-638] synthesizing module 'zsys_i2s_to_pwm_0_0' [/home/ryunosuke/Works/zynqberrydemo1/vivado/zynqberrydemo1.srcs/sources_1/bd/zsys/ip/zsys_i2s_to_pwm_0_0/synth/zsys_i2s_to_pwm_0_0.vhd:67]
	Parameter C_SYS_FREQ bound to: 150000000 - type: integer 
	Parameter C_PWM_FREQ bound to: 100000 - type: integer 
INFO: [Synth 8-3491] module 'i2s_to_pwm' declared at '/home/ryunosuke/Works/zynqberrydemo1/vivado/zynqberrydemo1.srcs/sources_1/bd/zsys/ipshared/7b8f/hdl/i2s_to_pwm.vhd:9' bound to instance 'U0' of component 'i2s_to_pwm' [/home/ryunosuke/Works/zynqberrydemo1/vivado/zynqberrydemo1.srcs/sources_1/bd/zsys/ip/zsys_i2s_to_pwm_0_0/synth/zsys_i2s_to_pwm_0_0.vhd:89]
INFO: [Synth 8-638] synthesizing module 'i2s_to_pwm' [/home/ryunosuke/Works/zynqberrydemo1/vivado/zynqberrydemo1.srcs/sources_1/bd/zsys/ipshared/7b8f/hdl/i2s_to_pwm.vhd:27]
	Parameter C_SYS_FREQ bound to: 150000000 - type: integer 
	Parameter C_PWM_FREQ bound to: 100000 - type: integer 
INFO: [Synth 8-256] done synthesizing module 'i2s_to_pwm' (1#1) [/home/ryunosuke/Works/zynqberrydemo1/vivado/zynqberrydemo1.srcs/sources_1/bd/zsys/ipshared/7b8f/hdl/i2s_to_pwm.vhd:27]
INFO: [Synth 8-256] done synthesizing module 'zsys_i2s_to_pwm_0_0' (2#1) [/home/ryunosuke/Works/zynqberrydemo1/vivado/zynqberrydemo1.srcs/sources_1/bd/zsys/ip/zsys_i2s_to_pwm_0_0/synth/zsys_i2s_to_pwm_0_0.vhd:67]
---------------------------------------------------------------------------------
Finished RTL Elaboration : Time (s): cpu = 00:00:08 ; elapsed = 00:00:08 . Memory (MB): peak = 1182.867 ; gain = 99.500 ; free physical = 1015 ; free virtual = 5368
---------------------------------------------------------------------------------

Report Check Netlist: 
+------+------------------+-------+---------+-------+------------------+
|      |Item              |Errors |Warnings |Status |Description       |
+------+------------------+-------+---------+-------+------------------+
|1     |multi_driven_nets |      0|        0|Passed |Multi driven nets |
+------+------------------+-------+---------+-------+------------------+
---------------------------------------------------------------------------------
Finished RTL Optimization Phase 1 : Time (s): cpu = 00:00:08 ; elapsed = 00:00:09 . Memory (MB): peak = 1182.867 ; gain = 99.500 ; free physical = 1060 ; free virtual = 5414
---------------------------------------------------------------------------------
INFO: [Device 21-403] Loading part xc7z010clg225-1
INFO: [Project 1-570] Preparing netlist for logic optimization

Processing XDC Constraints
Initializing timing engine
Completed Processing XDC Constraints

INFO: [Project 1-111] Unisim Transformation Summary:
No Unisim elements were transformed.

Constraint Validation Runtime : Time (s): cpu = 00:00:00.03 ; elapsed = 00:00:00.03 . Memory (MB): peak = 1529.082 ; gain = 0.000 ; free physical = 321 ; free virtual = 4148
---------------------------------------------------------------------------------
Finished Constraint Validation : Time (s): cpu = 00:00:22 ; elapsed = 00:00:23 . Memory (MB): peak = 1529.082 ; gain = 445.715 ; free physical = 386 ; free virtual = 4215
---------------------------------------------------------------------------------
---------------------------------------------------------------------------------
Start Loading Part and Timing Information
---------------------------------------------------------------------------------
Loading part: xc7z010clg225-1
---------------------------------------------------------------------------------
Finished Loading Part and Timing Information : Time (s): cpu = 00:00:22 ; elapsed = 00:00:23 . Memory (MB): peak = 1529.082 ; gain = 445.715 ; free physical = 389 ; free virtual = 4218
---------------------------------------------------------------------------------
---------------------------------------------------------------------------------
Start Applying 'set_property' XDC Constraints
---------------------------------------------------------------------------------
---------------------------------------------------------------------------------
Finished applying 'set_property' XDC Constraints : Time (s): cpu = 00:00:22 ; elapsed = 00:00:23 . Memory (MB): peak = 1529.082 ; gain = 445.715 ; free physical = 401 ; free virtual = 4231
---------------------------------------------------------------------------------
INFO: [Synth 8-5544] ROM "lsb_left" won't be mapped to Block RAM because address size (2) smaller than threshold (5)
INFO: [Synth 8-5544] ROM "lsb_left" won't be mapped to Block RAM because address size (2) smaller than threshold (5)
INFO: [Synth 8-5544] ROM "lsb_right" won't be mapped to Block RAM because address size (2) smaller than threshold (5)
INFO: [Synth 8-5544] ROM "update_left" won't be mapped to Block RAM because address size (2) smaller than threshold (5)
WARNING: [Synth 8-6014] Unused sequential element bit_addr_reg was removed.  [/home/ryunosuke/Works/zynqberrydemo1/vivado/zynqberrydemo1.srcs/sources_1/bd/zsys/ipshared/7b8f/hdl/i2s_to_pwm.vhd:72]
---------------------------------------------------------------------------------
Finished RTL Optimization Phase 2 : Time (s): cpu = 00:00:22 ; elapsed = 00:00:23 . Memory (MB): peak = 1529.082 ; gain = 445.715 ; free physical = 400 ; free virtual = 4230
---------------------------------------------------------------------------------

Report RTL Partitions: 
+-+--------------+------------+----------+
| |RTL Partition |Replication |Instances |
+-+--------------+------------+----------+
+-+--------------+------------+----------+
---------------------------------------------------------------------------------
Start RTL Component Statistics 
---------------------------------------------------------------------------------
Detailed RTL Component Info : 
+---Adders : 
	   2 Input     16 Bit       Adders := 2     
	   2 Input      5 Bit       Adders := 1     
+---Registers : 
	               32 Bit    Registers := 1     
	               16 Bit    Registers := 3     
	                5 Bit    Registers := 1     
	                2 Bit    Registers := 2     
	                1 Bit    Registers := 8     
+---Muxes : 
	   2 Input     32 Bit        Muxes := 1     
	   2 Input     16 Bit        Muxes := 3     
	   2 Input      1 Bit        Muxes := 7     
---------------------------------------------------------------------------------
Finished RTL Component Statistics 
---------------------------------------------------------------------------------
---------------------------------------------------------------------------------
Start RTL Hierarchical Component Statistics 
---------------------------------------------------------------------------------
Hierarchical RTL Component report 
Module i2s_to_pwm 
Detailed RTL Component Info : 
+---Adders : 
	   2 Input     16 Bit       Adders := 2     
	   2 Input      5 Bit       Adders := 1     
+---Registers : 
	               32 Bit    Registers := 1     
	               16 Bit    Registers := 3     
	                5 Bit    Registers := 1     
	                2 Bit    Registers := 2     
	                1 Bit    Registers := 8     
+---Muxes : 
	   2 Input     32 Bit        Muxes := 1     
	   2 Input     16 Bit        Muxes := 3     
	   2 Input      1 Bit        Muxes := 7     
---------------------------------------------------------------------------------
Finished RTL Hierarchical Component Statistics
---------------------------------------------------------------------------------
---------------------------------------------------------------------------------
Start Part Resource Summary
---------------------------------------------------------------------------------
Part Resources:
DSPs: 80 (col length:40)
BRAMs: 120 (col length: RAMB18 40 RAMB36 20)
---------------------------------------------------------------------------------
Finished Part Resource Summary
---------------------------------------------------------------------------------
---------------------------------------------------------------------------------
Start Cross Boundary and Area Optimization
---------------------------------------------------------------------------------
WARNING: [Synth 8-6014] Unused sequential element U0/bit_addr_reg was removed.  [/home/ryunosuke/Works/zynqberrydemo1/vivado/zynqberrydemo1.srcs/sources_1/bd/zsys/ipshared/7b8f/hdl/i2s_to_pwm.vhd:72]
INFO: [Synth 8-3332] Sequential element (U0/data_reg_reg[15]) is unused and will be removed from module zsys_i2s_to_pwm_0_0.
INFO: [Synth 8-3332] Sequential element (U0/data_reg_reg[14]) is unused and will be removed from module zsys_i2s_to_pwm_0_0.
INFO: [Synth 8-3332] Sequential element (U0/data_reg_reg[13]) is unused and will be removed from module zsys_i2s_to_pwm_0_0.
INFO: [Synth 8-3332] Sequential element (U0/data_reg_reg[12]) is unused and will be removed from module zsys_i2s_to_pwm_0_0.
INFO: [Synth 8-3332] Sequential element (U0/data_reg_reg[11]) is unused and will be removed from module zsys_i2s_to_pwm_0_0.
INFO: [Synth 8-3332] Sequential element (U0/data_reg_reg[10]) is unused and will be removed from module zsys_i2s_to_pwm_0_0.
INFO: [Synth 8-3332] Sequential element (U0/data_reg_reg[9]) is unused and will be removed from module zsys_i2s_to_pwm_0_0.
INFO: [Synth 8-3332] Sequential element (U0/data_reg_reg[8]) is unused and will be removed from module zsys_i2s_to_pwm_0_0.
INFO: [Synth 8-3332] Sequential element (U0/data_reg_reg[7]) is unused and will be removed from module zsys_i2s_to_pwm_0_0.
INFO: [Synth 8-3332] Sequential element (U0/data_reg_reg[6]) is unused and will be removed from module zsys_i2s_to_pwm_0_0.
INFO: [Synth 8-3332] Sequential element (U0/data_reg_reg[5]) is unused and will be removed from module zsys_i2s_to_pwm_0_0.
INFO: [Synth 8-3332] Sequential element (U0/data_reg_reg[4]) is unused and will be removed from module zsys_i2s_to_pwm_0_0.
INFO: [Synth 8-3332] Sequential element (U0/data_reg_reg[3]) is unused and will be removed from module zsys_i2s_to_pwm_0_0.
INFO: [Synth 8-3332] Sequential element (U0/data_reg_reg[2]) is unused and will be removed from module zsys_i2s_to_pwm_0_0.
INFO: [Synth 8-3332] Sequential element (U0/data_reg_reg[1]) is unused and will be removed from module zsys_i2s_to_pwm_0_0.
INFO: [Synth 8-3332] Sequential element (U0/data_reg_reg[0]) is unused and will be removed from module zsys_i2s_to_pwm_0_0.
---------------------------------------------------------------------------------
Finished Cross Boundary and Area Optimization : Time (s): cpu = 00:00:23 ; elapsed = 00:00:24 . Memory (MB): peak = 1529.082 ; gain = 445.715 ; free physical = 332 ; free virtual = 4171
---------------------------------------------------------------------------------

Report RTL Partitions: 
+-+--------------+------------+----------+
| |RTL Partition |Replication |Instances |
+-+--------------+------------+----------+
+-+--------------+------------+----------+
---------------------------------------------------------------------------------
Start Applying XDC Timing Constraints
---------------------------------------------------------------------------------
---------------------------------------------------------------------------------
Finished Applying XDC Timing Constraints : Time (s): cpu = 00:00:34 ; elapsed = 00:00:35 . Memory (MB): peak = 1529.082 ; gain = 445.715 ; free physical = 135 ; free virtual = 3431
---------------------------------------------------------------------------------
---------------------------------------------------------------------------------
Start Timing Optimization
---------------------------------------------------------------------------------
---------------------------------------------------------------------------------
Finished Timing Optimization : Time (s): cpu = 00:00:34 ; elapsed = 00:00:35 . Memory (MB): peak = 1529.082 ; gain = 445.715 ; free physical = 132 ; free virtual = 3428
---------------------------------------------------------------------------------

Report RTL Partitions: 
+-+--------------+------------+----------+
| |RTL Partition |Replication |Instances |
+-+--------------+------------+----------+
+-+--------------+------------+----------+
---------------------------------------------------------------------------------
Start Technology Mapping
---------------------------------------------------------------------------------
---------------------------------------------------------------------------------
Finished Technology Mapping : Time (s): cpu = 00:00:34 ; elapsed = 00:00:35 . Memory (MB): peak = 1529.082 ; gain = 445.715 ; free physical = 150 ; free virtual = 3408
---------------------------------------------------------------------------------

Report RTL Partitions: 
+-+--------------+------------+----------+
| |RTL Partition |Replication |Instances |
+-+--------------+------------+----------+
+-+--------------+------------+----------+
---------------------------------------------------------------------------------
Start IO Insertion
---------------------------------------------------------------------------------
---------------------------------------------------------------------------------
Start Flattening Before IO Insertion
---------------------------------------------------------------------------------
---------------------------------------------------------------------------------
Finished Flattening Before IO Insertion
---------------------------------------------------------------------------------
---------------------------------------------------------------------------------
Start Final Netlist Cleanup
---------------------------------------------------------------------------------
---------------------------------------------------------------------------------
Finished Final Netlist Cleanup
---------------------------------------------------------------------------------
---------------------------------------------------------------------------------
Finished IO Insertion : Time (s): cpu = 00:00:34 ; elapsed = 00:00:36 . Memory (MB): peak = 1529.082 ; gain = 445.715 ; free physical = 184 ; free virtual = 3417
---------------------------------------------------------------------------------

Report Check Netlist: 
+------+------------------+-------+---------+-------+------------------+
|      |Item              |Errors |Warnings |Status |Description       |
+------+------------------+-------+---------+-------+------------------+
|1     |multi_driven_nets |      0|        0|Passed |Multi driven nets |
+------+------------------+-------+---------+-------+------------------+
---------------------------------------------------------------------------------
Start Renaming Generated Instances
---------------------------------------------------------------------------------
---------------------------------------------------------------------------------
Finished Renaming Generated Instances : Time (s): cpu = 00:00:34 ; elapsed = 00:00:36 . Memory (MB): peak = 1529.082 ; gain = 445.715 ; free physical = 182 ; free virtual = 3415
---------------------------------------------------------------------------------

Report RTL Partitions: 
+-+--------------+------------+----------+
| |RTL Partition |Replication |Instances |
+-+--------------+------------+----------+
+-+--------------+------------+----------+
---------------------------------------------------------------------------------
Start Rebuilding User Hierarchy
---------------------------------------------------------------------------------
---------------------------------------------------------------------------------
Finished Rebuilding User Hierarchy : Time (s): cpu = 00:00:34 ; elapsed = 00:00:36 . Memory (MB): peak = 1529.082 ; gain = 445.715 ; free physical = 181 ; free virtual = 3413
---------------------------------------------------------------------------------
---------------------------------------------------------------------------------
Start Renaming Generated Ports
---------------------------------------------------------------------------------
---------------------------------------------------------------------------------
Finished Renaming Generated Ports : Time (s): cpu = 00:00:34 ; elapsed = 00:00:36 . Memory (MB): peak = 1529.082 ; gain = 445.715 ; free physical = 179 ; free virtual = 3411
---------------------------------------------------------------------------------
---------------------------------------------------------------------------------
Start Handling Custom Attributes
---------------------------------------------------------------------------------
---------------------------------------------------------------------------------
Finished Handling Custom Attributes : Time (s): cpu = 00:00:34 ; elapsed = 00:00:36 . Memory (MB): peak = 1529.082 ; gain = 445.715 ; free physical = 175 ; free virtual = 3407
---------------------------------------------------------------------------------
---------------------------------------------------------------------------------
Start Renaming Generated Nets
---------------------------------------------------------------------------------
---------------------------------------------------------------------------------
Finished Renaming Generated Nets : Time (s): cpu = 00:00:34 ; elapsed = 00:00:36 . Memory (MB): peak = 1529.082 ; gain = 445.715 ; free physical = 174 ; free virtual = 3407
---------------------------------------------------------------------------------
---------------------------------------------------------------------------------
Start Writing Synthesis Report
---------------------------------------------------------------------------------

Report BlackBoxes: 
+-+--------------+----------+
| |BlackBox name |Instances |
+-+--------------+----------+
+-+--------------+----------+

Report Cell Usage: 
+------+-------+------+
|      |Cell   |Count |
+------+-------+------+
|1     |CARRY4 |    16|
|2     |LUT1   |    33|
|3     |LUT2   |    25|
|4     |LUT3   |     5|
|5     |LUT4   |    35|
|6     |LUT5   |    33|
|7     |LUT6   |     5|
|8     |FDRE   |    76|
|9     |FDSE   |     5|
+------+-------+------+

Report Instance Areas: 
+------+---------+-----------+------+
|      |Instance |Module     |Cells |
+------+---------+-----------+------+
|1     |top      |           |   233|
|2     |  U0     |i2s_to_pwm |   233|
+------+---------+-----------+------+
---------------------------------------------------------------------------------
Finished Writing Synthesis Report : Time (s): cpu = 00:00:34 ; elapsed = 00:00:36 . Memory (MB): peak = 1529.082 ; gain = 445.715 ; free physical = 175 ; free virtual = 3408
---------------------------------------------------------------------------------
Synthesis finished with 0 errors, 0 critical warnings and 2 warnings.
Synthesis Optimization Runtime : Time (s): cpu = 00:00:27 ; elapsed = 00:00:28 . Memory (MB): peak = 1529.082 ; gain = 99.500 ; free physical = 222 ; free virtual = 3455
Synthesis Optimization Complete : Time (s): cpu = 00:00:35 ; elapsed = 00:00:36 . Memory (MB): peak = 1529.082 ; gain = 445.715 ; free physical = 225 ; free virtual = 3457
INFO: [Project 1-571] Translating synthesized netlist
INFO: [Netlist 29-17] Analyzing 16 Unisim elements for replacement
INFO: [Netlist 29-28] Unisim Transformation completed in 0 CPU seconds
INFO: [Project 1-570] Preparing netlist for logic optimization
INFO: [Opt 31-138] Pushed 0 inverter(s) to 0 load pin(s).
INFO: [Project 1-111] Unisim Transformation Summary:
No Unisim elements were transformed.

35 Infos, 2 Warnings, 0 Critical Warnings and 0 Errors encountered.
synth_design completed successfully
synth_design: Time (s): cpu = 00:00:36 ; elapsed = 00:00:38 . Memory (MB): peak = 1529.082 ; gain = 458.297 ; free physical = 204 ; free virtual = 3379
INFO: [Common 17-1381] The checkpoint '/home/ryunosuke/Works/zynqberrydemo1/vivado/zynqberrydemo1.runs/zsys_i2s_to_pwm_0_0_synth_1/zsys_i2s_to_pwm_0_0.dcp' has been generated.
