
*** Running vivado
    with args -log zsys_v_tc_0_0.vds -m64 -product Vivado -mode batch -messageDb vivado.pb -notrace -source zsys_v_tc_0_0.tcl


****** Vivado v2017.1 (64-bit)
  **** SW Build 1846317 on Fri Apr 14 18:54:47 MDT 2017
  **** IP Build 1846188 on Fri Apr 14 20:52:08 MDT 2017
    ** Copyright 1986-2017 Xilinx, Inc. All Rights Reserved.

source zsys_v_tc_0_0.tcl -notrace
Starting RTL Elaboration : Time (s): cpu = 00:00:07 ; elapsed = 00:00:07 . Memory (MB): peak = 1143.367 ; gain = 60.000 ; free physical = 1586 ; free virtual = 4895
INFO: [Synth 8-638] synthesizing module 'zsys_v_tc_0_0' [/home/ryunosuke/Works/zynqberrydemo1/vivado/zynqberrydemo1.srcs/sources_1/bd/zsys/ip/zsys_v_tc_0_0/synth/zsys_v_tc_0_0.vhd:96]
INFO: [Synth 8-638] synthesizing module 'axi_lite_ipif' [/home/ryunosuke/Works/zynqberrydemo1/vivado/zynqberrydemo1.srcs/sources_1/bd/zsys/ipshared/0ba0/hdl/axi_lite_ipif_v3_0_vh_rfs.vhd:2948]
INFO: [Synth 8-638] synthesizing module 'slave_attachment' [/home/ryunosuke/Works/zynqberrydemo1/vivado/zynqberrydemo1.srcs/sources_1/bd/zsys/ipshared/0ba0/hdl/axi_lite_ipif_v3_0_vh_rfs.vhd:2341]
INFO: [Synth 8-638] synthesizing module 'address_decoder' [/home/ryunosuke/Works/zynqberrydemo1/vivado/zynqberrydemo1.srcs/sources_1/bd/zsys/ipshared/0ba0/hdl/axi_lite_ipif_v3_0_vh_rfs.vhd:1775]
INFO: [Synth 8-638] synthesizing module 'pselect_f' [/home/ryunosuke/Works/zynqberrydemo1/vivado/zynqberrydemo1.srcs/sources_1/bd/zsys/ipshared/0ba0/hdl/axi_lite_ipif_v3_0_vh_rfs.vhd:1534]
INFO: [Synth 8-256] done synthesizing module 'pselect_f' (1#1) [/home/ryunosuke/Works/zynqberrydemo1/vivado/zynqberrydemo1.srcs/sources_1/bd/zsys/ipshared/0ba0/hdl/axi_lite_ipif_v3_0_vh_rfs.vhd:1534]
INFO: [Synth 8-638] synthesizing module 'pselect_f__parameterized0' [/home/ryunosuke/Works/zynqberrydemo1/vivado/zynqberrydemo1.srcs/sources_1/bd/zsys/ipshared/0ba0/hdl/axi_lite_ipif_v3_0_vh_rfs.vhd:1534]
INFO: [Synth 8-256] done synthesizing module 'pselect_f__parameterized0' (1#1) [/home/ryunosuke/Works/zynqberrydemo1/vivado/zynqberrydemo1.srcs/sources_1/bd/zsys/ipshared/0ba0/hdl/axi_lite_ipif_v3_0_vh_rfs.vhd:1534]
INFO: [Synth 8-256] done synthesizing module 'address_decoder' (2#1) [/home/ryunosuke/Works/zynqberrydemo1/vivado/zynqberrydemo1.srcs/sources_1/bd/zsys/ipshared/0ba0/hdl/axi_lite_ipif_v3_0_vh_rfs.vhd:1775]
INFO: [Synth 8-256] done synthesizing module 'slave_attachment' (3#1) [/home/ryunosuke/Works/zynqberrydemo1/vivado/zynqberrydemo1.srcs/sources_1/bd/zsys/ipshared/0ba0/hdl/axi_lite_ipif_v3_0_vh_rfs.vhd:2341]
INFO: [Synth 8-256] done synthesizing module 'axi_lite_ipif' (4#1) [/home/ryunosuke/Works/zynqberrydemo1/vivado/zynqberrydemo1.srcs/sources_1/bd/zsys/ipshared/0ba0/hdl/axi_lite_ipif_v3_0_vh_rfs.vhd:2948]
INFO: [Synth 8-256] done synthesizing module 'zsys_v_tc_0_0' (11#1) [/home/ryunosuke/Works/zynqberrydemo1/vivado/zynqberrydemo1.srcs/sources_1/bd/zsys/ip/zsys_v_tc_0_0/synth/zsys_v_tc_0_0.vhd:96]
Finished RTL Elaboration : Time (s): cpu = 00:00:15 ; elapsed = 00:00:17 . Memory (MB): peak = 1295.867 ; gain = 212.500 ; free physical = 1179 ; free virtual = 4484
Finished RTL Optimization Phase 1 : Time (s): cpu = 00:00:16 ; elapsed = 00:00:17 . Memory (MB): peak = 1295.867 ; gain = 212.500 ; free physical = 1184 ; free virtual = 4485
INFO: [Device 21-403] Loading part xc7z010clg225-1
Constraint Validation Runtime : Time (s): cpu = 00:00:00.18 ; elapsed = 00:00:00.15 . Memory (MB): peak = 1591.465 ; gain = 1.000 ; free physical = 695 ; free virtual = 4001
Finished Constraint Validation : Time (s): cpu = 00:00:34 ; elapsed = 00:00:36 . Memory (MB): peak = 1591.465 ; gain = 508.098 ; free physical = 747 ; free virtual = 4050
Finished Loading Part and Timing Information : Time (s): cpu = 00:00:34 ; elapsed = 00:00:36 . Memory (MB): peak = 1591.465 ; gain = 508.098 ; free physical = 747 ; free virtual = 4050
Finished applying 'set_property' XDC Constraints : Time (s): cpu = 00:00:34 ; elapsed = 00:00:36 . Memory (MB): peak = 1591.465 ; gain = 508.098 ; free physical = 748 ; free virtual = 4050
Finished RTL Optimization Phase 2 : Time (s): cpu = 00:00:39 ; elapsed = 00:00:41 . Memory (MB): peak = 1591.465 ; gain = 508.098 ; free physical = 1120 ; free virtual = 4425
Finished Cross Boundary and Area Optimization : Time (s): cpu = 00:00:49 ; elapsed = 00:00:51 . Memory (MB): peak = 1591.465 ; gain = 508.098 ; free physical = 847 ; free virtual = 4152
Finished Applying XDC Timing Constraints : Time (s): cpu = 00:01:01 ; elapsed = 00:01:04 . Memory (MB): peak = 1591.465 ; gain = 508.098 ; free physical = 410 ; free virtual = 3717
Finished Timing Optimization : Time (s): cpu = 00:01:03 ; elapsed = 00:01:06 . Memory (MB): peak = 1591.465 ; gain = 508.098 ; free physical = 370 ; free virtual = 3676
Finished Technology Mapping : Time (s): cpu = 00:01:07 ; elapsed = 00:01:10 . Memory (MB): peak = 1591.465 ; gain = 508.098 ; free physical = 220 ; free virtual = 3526
Finished IO Insertion : Time (s): cpu = 00:01:08 ; elapsed = 00:01:11 . Memory (MB): peak = 1591.465 ; gain = 508.098 ; free physical = 189 ; free virtual = 3499
Finished Renaming Generated Instances : Time (s): cpu = 00:01:08 ; elapsed = 00:01:11 . Memory (MB): peak = 1591.465 ; gain = 508.098 ; free physical = 188 ; free virtual = 3497
Finished Rebuilding User Hierarchy : Time (s): cpu = 00:01:09 ; elapsed = 00:01:12 . Memory (MB): peak = 1591.465 ; gain = 508.098 ; free physical = 229 ; free virtual = 3539
Finished Renaming Generated Ports : Time (s): cpu = 00:01:09 ; elapsed = 00:01:12 . Memory (MB): peak = 1591.465 ; gain = 508.098 ; free physical = 225 ; free virtual = 3535
Finished Handling Custom Attributes : Time (s): cpu = 00:01:09 ; elapsed = 00:01:12 . Memory (MB): peak = 1591.465 ; gain = 508.098 ; free physical = 224 ; free virtual = 3534
Finished Renaming Generated Nets : Time (s): cpu = 00:01:09 ; elapsed = 00:01:12 . Memory (MB): peak = 1591.465 ; gain = 508.098 ; free physical = 227 ; free virtual = 3537

Report Cell Usage: 
+------+-------+------+
|      |Cell   |Count |
+------+-------+------+
|1     |CARRY4 |    22|
|2     |LUT1   |    51|
|3     |LUT2   |    54|
|4     |LUT3   |   545|
|5     |LUT4   |    89|
|6     |LUT5   |   105|
|7     |LUT6   |   428|
|8     |MUXF7  |   134|
|9     |SRL16E |     6|
|10    |FDRE   |  2702|
|11    |FDSE   |   184|
+------+-------+------+
Finished Writing Synthesis Report : Time (s): cpu = 00:01:09 ; elapsed = 00:01:12 . Memory (MB): peak = 1591.465 ; gain = 508.098 ; free physical = 227 ; free virtual = 3537
synth_design: Time (s): cpu = 00:01:13 ; elapsed = 00:01:16 . Memory (MB): peak = 1600.777 ; gain = 529.992 ; free physical = 770 ; free virtual = 4081
