
*** Running vivado
    with args -log zsys_axis_fb_conv_0_0.vds -m64 -product Vivado -mode batch -messageDb vivado.pb -notrace -source zsys_axis_fb_conv_0_0.tcl


****** Vivado v2017.1 (64-bit)
  **** SW Build 1846317 on Fri Apr 14 18:54:47 MDT 2017
  **** IP Build 1846188 on Fri Apr 14 20:52:08 MDT 2017
    ** Copyright 1986-2017 Xilinx, Inc. All Rights Reserved.

source zsys_axis_fb_conv_0_0.tcl -notrace
Command: synth_design -top zsys_axis_fb_conv_0_0 -part xc7z010clg225-1 -mode out_of_context
Starting synth_design
Attempting to get a license for feature 'Synthesis' and/or device 'xc7z010-clg225'
INFO: [Common 17-349] Got license for feature 'Synthesis' and/or device 'xc7z010-clg225'
INFO: Launching helper process for spawning children vivado processes
INFO: Helper process launched with PID 4183 
---------------------------------------------------------------------------------
Starting RTL Elaboration : Time (s): cpu = 00:00:07 ; elapsed = 00:00:07 . Memory (MB): peak = 1142.375 ; gain = 59.000 ; free physical = 1066 ; free virtual = 5493
---------------------------------------------------------------------------------
INFO: [Synth 8-638] synthesizing module 'zsys_axis_fb_conv_0_0' [/home/ryunosuke/Works/zynqberrydemo1/vivado/zynqberrydemo1.srcs/sources_1/bd/zsys/ip/zsys_axis_fb_conv_0_0/synth/zsys_axis_fb_conv_0_0.vhd:73]
	Parameter C_FB_MODE bound to: 1 - type: integer 
INFO: [Synth 8-3491] module 'axis_fb_conv_v1_0' declared at '/home/ryunosuke/Works/zynqberrydemo1/vivado/zynqberrydemo1.srcs/sources_1/bd/zsys/ipshared/83c4/src/axis_fb_conv_v1_0.vhd:21' bound to instance 'U0' of component 'axis_fb_conv_v1_0' [/home/ryunosuke/Works/zynqberrydemo1/vivado/zynqberrydemo1.srcs/sources_1/bd/zsys/ip/zsys_axis_fb_conv_0_0/synth/zsys_axis_fb_conv_0_0.vhd:113]
INFO: [Synth 8-638] synthesizing module 'axis_fb_conv_v1_0' [/home/ryunosuke/Works/zynqberrydemo1/vivado/zynqberrydemo1.srcs/sources_1/bd/zsys/ipshared/83c4/src/axis_fb_conv_v1_0.vhd:47]
	Parameter C_FB_MODE bound to: 1 - type: integer 
INFO: [Synth 8-256] done synthesizing module 'axis_fb_conv_v1_0' (1#1) [/home/ryunosuke/Works/zynqberrydemo1/vivado/zynqberrydemo1.srcs/sources_1/bd/zsys/ipshared/83c4/src/axis_fb_conv_v1_0.vhd:47]
INFO: [Synth 8-256] done synthesizing module 'zsys_axis_fb_conv_0_0' (2#1) [/home/ryunosuke/Works/zynqberrydemo1/vivado/zynqberrydemo1.srcs/sources_1/bd/zsys/ip/zsys_axis_fb_conv_0_0/synth/zsys_axis_fb_conv_0_0.vhd:73]
WARNING: [Synth 8-3331] design axis_fb_conv_v1_0 has unconnected port s_axis_aclk
WARNING: [Synth 8-3331] design axis_fb_conv_v1_0 has unconnected port s_axis_aresetn
WARNING: [Synth 8-3331] design axis_fb_conv_v1_0 has unconnected port s_axis_tdata[31]
WARNING: [Synth 8-3331] design axis_fb_conv_v1_0 has unconnected port s_axis_tdata[30]
WARNING: [Synth 8-3331] design axis_fb_conv_v1_0 has unconnected port s_axis_tdata[29]
WARNING: [Synth 8-3331] design axis_fb_conv_v1_0 has unconnected port s_axis_tdata[28]
WARNING: [Synth 8-3331] design axis_fb_conv_v1_0 has unconnected port s_axis_tdata[27]
WARNING: [Synth 8-3331] design axis_fb_conv_v1_0 has unconnected port s_axis_tdata[26]
WARNING: [Synth 8-3331] design axis_fb_conv_v1_0 has unconnected port s_axis_tdata[25]
WARNING: [Synth 8-3331] design axis_fb_conv_v1_0 has unconnected port s_axis_tdata[24]
---------------------------------------------------------------------------------
Finished RTL Elaboration : Time (s): cpu = 00:00:08 ; elapsed = 00:00:08 . Memory (MB): peak = 1183.875 ; gain = 100.500 ; free physical = 1004 ; free virtual = 5431
---------------------------------------------------------------------------------

Report Check Netlist: 
+------+------------------+-------+---------+-------+------------------+
|      |Item              |Errors |Warnings |Status |Description       |
+------+------------------+-------+---------+-------+------------------+
|1     |multi_driven_nets |      0|        0|Passed |Multi driven nets |
+------+------------------+-------+---------+-------+------------------+
---------------------------------------------------------------------------------
Finished RTL Optimization Phase 1 : Time (s): cpu = 00:00:08 ; elapsed = 00:00:09 . Memory (MB): peak = 1183.875 ; gain = 100.500 ; free physical = 999 ; free virtual = 5426
---------------------------------------------------------------------------------
INFO: [Device 21-403] Loading part xc7z010clg225-1
INFO: [Project 1-570] Preparing netlist for logic optimization

Processing XDC Constraints
Initializing timing engine
Completed Processing XDC Constraints

INFO: [Project 1-111] Unisim Transformation Summary:
No Unisim elements were transformed.

Constraint Validation Runtime : Time (s): cpu = 00:00:00.02 ; elapsed = 00:00:00.03 . Memory (MB): peak = 1445.090 ; gain = 0.000 ; free physical = 696 ; free virtual = 5123
---------------------------------------------------------------------------------
Finished Constraint Validation : Time (s): cpu = 00:00:23 ; elapsed = 00:00:24 . Memory (MB): peak = 1445.090 ; gain = 361.715 ; free physical = 966 ; free virtual = 5394
---------------------------------------------------------------------------------
---------------------------------------------------------------------------------
Start Loading Part and Timing Information
---------------------------------------------------------------------------------
Loading part: xc7z010clg225-1
---------------------------------------------------------------------------------
Finished Loading Part and Timing Information : Time (s): cpu = 00:00:23 ; elapsed = 00:00:24 . Memory (MB): peak = 1445.090 ; gain = 361.715 ; free physical = 965 ; free virtual = 5393
---------------------------------------------------------------------------------
---------------------------------------------------------------------------------
Start Applying 'set_property' XDC Constraints
---------------------------------------------------------------------------------
---------------------------------------------------------------------------------
Finished applying 'set_property' XDC Constraints : Time (s): cpu = 00:00:23 ; elapsed = 00:00:24 . Memory (MB): peak = 1445.090 ; gain = 361.715 ; free physical = 965 ; free virtual = 5393
---------------------------------------------------------------------------------
---------------------------------------------------------------------------------
Finished RTL Optimization Phase 2 : Time (s): cpu = 00:00:23 ; elapsed = 00:00:24 . Memory (MB): peak = 1445.090 ; gain = 361.715 ; free physical = 961 ; free virtual = 5389
---------------------------------------------------------------------------------

Report RTL Partitions: 
+-+--------------+------------+----------+
| |RTL Partition |Replication |Instances |
+-+--------------+------------+----------+
+-+--------------+------------+----------+
---------------------------------------------------------------------------------
Start RTL Component Statistics 
---------------------------------------------------------------------------------
Detailed RTL Component Info : 
---------------------------------------------------------------------------------
Finished RTL Component Statistics 
---------------------------------------------------------------------------------
---------------------------------------------------------------------------------
Start RTL Hierarchical Component Statistics 
---------------------------------------------------------------------------------
Hierarchical RTL Component report 
---------------------------------------------------------------------------------
Finished RTL Hierarchical Component Statistics
---------------------------------------------------------------------------------
---------------------------------------------------------------------------------
Start Part Resource Summary
---------------------------------------------------------------------------------
Part Resources:
DSPs: 80 (col length:40)
BRAMs: 120 (col length: RAMB18 40 RAMB36 20)
---------------------------------------------------------------------------------
Finished Part Resource Summary
---------------------------------------------------------------------------------
---------------------------------------------------------------------------------
Start Cross Boundary and Area Optimization
---------------------------------------------------------------------------------
WARNING: [Synth 8-3330] design zsys_axis_fb_conv_0_0 has an empty top module
WARNING: [Synth 8-3331] design zsys_axis_fb_conv_0_0 has unconnected port s_axis_tdata[31]
WARNING: [Synth 8-3331] design zsys_axis_fb_conv_0_0 has unconnected port s_axis_tdata[30]
WARNING: [Synth 8-3331] design zsys_axis_fb_conv_0_0 has unconnected port s_axis_tdata[29]
WARNING: [Synth 8-3331] design zsys_axis_fb_conv_0_0 has unconnected port s_axis_tdata[28]
WARNING: [Synth 8-3331] design zsys_axis_fb_conv_0_0 has unconnected port s_axis_tdata[27]
WARNING: [Synth 8-3331] design zsys_axis_fb_conv_0_0 has unconnected port s_axis_tdata[26]
WARNING: [Synth 8-3331] design zsys_axis_fb_conv_0_0 has unconnected port s_axis_tdata[25]
WARNING: [Synth 8-3331] design zsys_axis_fb_conv_0_0 has unconnected port s_axis_tdata[24]
WARNING: [Synth 8-3331] design zsys_axis_fb_conv_0_0 has unconnected port s_axis_aclk
WARNING: [Synth 8-3331] design zsys_axis_fb_conv_0_0 has unconnected port s_axis_aresetn
---------------------------------------------------------------------------------
Finished Cross Boundary and Area Optimization : Time (s): cpu = 00:00:23 ; elapsed = 00:00:25 . Memory (MB): peak = 1445.090 ; gain = 361.715 ; free physical = 1034 ; free virtual = 5468
---------------------------------------------------------------------------------

Report RTL Partitions: 
+-+--------------+------------+----------+
| |RTL Partition |Replication |Instances |
+-+--------------+------------+----------+
+-+--------------+------------+----------+
---------------------------------------------------------------------------------
Start Applying XDC Timing Constraints
---------------------------------------------------------------------------------
---------------------------------------------------------------------------------
Finished Applying XDC Timing Constraints : Time (s): cpu = 00:00:36 ; elapsed = 00:00:37 . Memory (MB): peak = 1459.074 ; gain = 375.699 ; free physical = 1106 ; free virtual = 5538
---------------------------------------------------------------------------------
---------------------------------------------------------------------------------
Start Timing Optimization
---------------------------------------------------------------------------------
---------------------------------------------------------------------------------
Finished Timing Optimization : Time (s): cpu = 00:00:36 ; elapsed = 00:00:37 . Memory (MB): peak = 1459.074 ; gain = 375.699 ; free physical = 1106 ; free virtual = 5538
---------------------------------------------------------------------------------

Report RTL Partitions: 
+-+--------------+------------+----------+
| |RTL Partition |Replication |Instances |
+-+--------------+------------+----------+
+-+--------------+------------+----------+
---------------------------------------------------------------------------------
Start Technology Mapping
---------------------------------------------------------------------------------
---------------------------------------------------------------------------------
Finished Technology Mapping : Time (s): cpu = 00:00:36 ; elapsed = 00:00:37 . Memory (MB): peak = 1469.090 ; gain = 385.715 ; free physical = 1106 ; free virtual = 5537
---------------------------------------------------------------------------------

Report RTL Partitions: 
+-+--------------+------------+----------+
| |RTL Partition |Replication |Instances |
+-+--------------+------------+----------+
+-+--------------+------------+----------+
---------------------------------------------------------------------------------
Start IO Insertion
---------------------------------------------------------------------------------
---------------------------------------------------------------------------------
Start Flattening Before IO Insertion
---------------------------------------------------------------------------------
---------------------------------------------------------------------------------
Finished Flattening Before IO Insertion
---------------------------------------------------------------------------------
---------------------------------------------------------------------------------
Start Final Netlist Cleanup
---------------------------------------------------------------------------------
---------------------------------------------------------------------------------
Finished Final Netlist Cleanup
---------------------------------------------------------------------------------
---------------------------------------------------------------------------------
Finished IO Insertion : Time (s): cpu = 00:00:36 ; elapsed = 00:00:38 . Memory (MB): peak = 1469.090 ; gain = 385.715 ; free physical = 1134 ; free virtual = 5566
---------------------------------------------------------------------------------

Report Check Netlist: 
+------+------------------+-------+---------+-------+------------------+
|      |Item              |Errors |Warnings |Status |Description       |
+------+------------------+-------+---------+-------+------------------+
|1     |multi_driven_nets |      0|        0|Passed |Multi driven nets |
+------+------------------+-------+---------+-------+------------------+
---------------------------------------------------------------------------------
Start Renaming Generated Instances
---------------------------------------------------------------------------------
---------------------------------------------------------------------------------
Finished Renaming Generated Instances : Time (s): cpu = 00:00:36 ; elapsed = 00:00:38 . Memory (MB): peak = 1469.090 ; gain = 385.715 ; free physical = 1134 ; free virtual = 5566
---------------------------------------------------------------------------------

Report RTL Partitions: 
+-+--------------+------------+----------+
| |RTL Partition |Replication |Instances |
+-+--------------+------------+----------+
+-+--------------+------------+----------+
---------------------------------------------------------------------------------
Start Rebuilding User Hierarchy
---------------------------------------------------------------------------------
---------------------------------------------------------------------------------
Finished Rebuilding User Hierarchy : Time (s): cpu = 00:00:36 ; elapsed = 00:00:38 . Memory (MB): peak = 1469.090 ; gain = 385.715 ; free physical = 1134 ; free virtual = 5566
---------------------------------------------------------------------------------
---------------------------------------------------------------------------------
Start Renaming Generated Ports
---------------------------------------------------------------------------------
---------------------------------------------------------------------------------
Finished Renaming Generated Ports : Time (s): cpu = 00:00:36 ; elapsed = 00:00:38 . Memory (MB): peak = 1469.090 ; gain = 385.715 ; free physical = 1134 ; free virtual = 5566
---------------------------------------------------------------------------------
---------------------------------------------------------------------------------
Start Handling Custom Attributes
---------------------------------------------------------------------------------
---------------------------------------------------------------------------------
Finished Handling Custom Attributes : Time (s): cpu = 00:00:36 ; elapsed = 00:00:38 . Memory (MB): peak = 1469.090 ; gain = 385.715 ; free physical = 1134 ; free virtual = 5566
---------------------------------------------------------------------------------
---------------------------------------------------------------------------------
Start Renaming Generated Nets
---------------------------------------------------------------------------------
---------------------------------------------------------------------------------
Finished Renaming Generated Nets : Time (s): cpu = 00:00:36 ; elapsed = 00:00:38 . Memory (MB): peak = 1469.090 ; gain = 385.715 ; free physical = 1133 ; free virtual = 5565
---------------------------------------------------------------------------------
---------------------------------------------------------------------------------
Start Writing Synthesis Report
---------------------------------------------------------------------------------

Report BlackBoxes: 
+-+--------------+----------+
| |BlackBox name |Instances |
+-+--------------+----------+
+-+--------------+----------+

Report Cell Usage: 
+-+-----+------+
| |Cell |Count |
+-+-----+------+
+-+-----+------+

Report Instance Areas: 
+------+---------+-------+------+
|      |Instance |Module |Cells |
+------+---------+-------+------+
|1     |top      |       |     0|
+------+---------+-------+------+
---------------------------------------------------------------------------------
Finished Writing Synthesis Report : Time (s): cpu = 00:00:36 ; elapsed = 00:00:38 . Memory (MB): peak = 1469.090 ; gain = 385.715 ; free physical = 1133 ; free virtual = 5565
---------------------------------------------------------------------------------
Synthesis finished with 0 errors, 0 critical warnings and 11 warnings.
Synthesis Optimization Runtime : Time (s): cpu = 00:00:29 ; elapsed = 00:00:30 . Memory (MB): peak = 1469.090 ; gain = 124.500 ; free physical = 1185 ; free virtual = 5617
Synthesis Optimization Complete : Time (s): cpu = 00:00:37 ; elapsed = 00:00:38 . Memory (MB): peak = 1469.098 ; gain = 385.715 ; free physical = 1185 ; free virtual = 5617
INFO: [Project 1-571] Translating synthesized netlist
INFO: [Project 1-570] Preparing netlist for logic optimization
INFO: [Opt 31-138] Pushed 0 inverter(s) to 0 load pin(s).
INFO: [Project 1-111] Unisim Transformation Summary:
No Unisim elements were transformed.

13 Infos, 21 Warnings, 0 Critical Warnings and 0 Errors encountered.
synth_design completed successfully
synth_design: Time (s): cpu = 00:00:38 ; elapsed = 00:00:39 . Memory (MB): peak = 1474.090 ; gain = 403.297 ; free physical = 1117 ; free virtual = 5549
INFO: [Common 17-1381] The checkpoint '/home/ryunosuke/Works/zynqberrydemo1/vivado/zynqberrydemo1.runs/zsys_axis_fb_conv_0_0_synth_1/zsys_axis_fb_conv_0_0.dcp' has been generated.
