
*** Running vivado
    with args -log zsys_auto_pc_2.vds -m64 -product Vivado -mode batch -messageDb vivado.pb -notrace -source zsys_auto_pc_2.tcl


****** Vivado v2017.1 (64-bit)
  **** SW Build 1846317 on Fri Apr 14 18:54:47 MDT 2017
  **** IP Build 1846188 on Fri Apr 14 20:52:08 MDT 2017
    ** Copyright 1986-2017 Xilinx, Inc. All Rights Reserved.

source zsys_auto_pc_2.tcl -notrace
Starting RTL Elaboration : Time (s): cpu = 00:00:08 ; elapsed = 00:00:09 . Memory (MB): peak = 1148.371 ; gain = 65.000 ; free physical = 279 ; free virtual = 4817
INFO: [Synth 8-638] synthesizing module 'zsys_auto_pc_2' [/home/ryunosuke/Works/zynqberrydemo1/vivado/zynqberrydemo1.srcs/sources_1/bd/zsys/ip/zsys_auto_pc_2/synth/zsys_auto_pc_2.v:58]
INFO: [Synth 8-638] synthesizing module 'axi_protocol_converter_v2_1_12_axi_protocol_converter' [/home/ryunosuke/Works/zynqberrydemo1/vivado/zynqberrydemo1.srcs/sources_1/bd/zsys/ipshared/138d/hdl/axi_protocol_converter_v2_1_vl_rfs.v:4811]
INFO: [Synth 8-638] synthesizing module 'axi_protocol_converter_v2_1_12_axi3_conv' [/home/ryunosuke/Works/zynqberrydemo1/vivado/zynqberrydemo1.srcs/sources_1/bd/zsys/ipshared/138d/hdl/axi_protocol_converter_v2_1_vl_rfs.v:954]
INFO: [Synth 8-638] synthesizing module 'axi_protocol_converter_v2_1_12_a_axi3_conv' [/home/ryunosuke/Works/zynqberrydemo1/vivado/zynqberrydemo1.srcs/sources_1/bd/zsys/ipshared/138d/hdl/axi_protocol_converter_v2_1_vl_rfs.v:62]
INFO: [Synth 8-638] synthesizing module 'axi_data_fifo_v2_1_11_axic_fifo' [/home/ryunosuke/Works/zynqberrydemo1/vivado/zynqberrydemo1.srcs/sources_1/bd/zsys/ipshared/5235/hdl/axi_data_fifo_v2_1_vl_rfs.v:64]
INFO: [Synth 8-638] synthesizing module 'axi_data_fifo_v2_1_11_fifo_gen' [/home/ryunosuke/Works/zynqberrydemo1/vivado/zynqberrydemo1.srcs/sources_1/bd/zsys/ipshared/5235/hdl/axi_data_fifo_v2_1_vl_rfs.v:168]
INFO: [Synth 8-256] done synthesizing module 'axi_data_fifo_v2_1_11_fifo_gen' (19#1) [/home/ryunosuke/Works/zynqberrydemo1/vivado/zynqberrydemo1.srcs/sources_1/bd/zsys/ipshared/5235/hdl/axi_data_fifo_v2_1_vl_rfs.v:168]
INFO: [Synth 8-256] done synthesizing module 'axi_data_fifo_v2_1_11_axic_fifo' (20#1) [/home/ryunosuke/Works/zynqberrydemo1/vivado/zynqberrydemo1.srcs/sources_1/bd/zsys/ipshared/5235/hdl/axi_data_fifo_v2_1_vl_rfs.v:64]
INFO: [Synth 8-256] done synthesizing module 'axi_protocol_converter_v2_1_12_a_axi3_conv' (21#1) [/home/ryunosuke/Works/zynqberrydemo1/vivado/zynqberrydemo1.srcs/sources_1/bd/zsys/ipshared/138d/hdl/axi_protocol_converter_v2_1_vl_rfs.v:62]
INFO: [Synth 8-638] synthesizing module 'axi_protocol_converter_v2_1_12_r_axi3_conv' [/home/ryunosuke/Works/zynqberrydemo1/vivado/zynqberrydemo1.srcs/sources_1/bd/zsys/ipshared/138d/hdl/axi_protocol_converter_v2_1_vl_rfs.v:1789]
INFO: [Synth 8-256] done synthesizing module 'axi_protocol_converter_v2_1_12_r_axi3_conv' (22#1) [/home/ryunosuke/Works/zynqberrydemo1/vivado/zynqberrydemo1.srcs/sources_1/bd/zsys/ipshared/138d/hdl/axi_protocol_converter_v2_1_vl_rfs.v:1789]
INFO: [Synth 8-256] done synthesizing module 'axi_protocol_converter_v2_1_12_axi3_conv' (23#1) [/home/ryunosuke/Works/zynqberrydemo1/vivado/zynqberrydemo1.srcs/sources_1/bd/zsys/ipshared/138d/hdl/axi_protocol_converter_v2_1_vl_rfs.v:954]
INFO: [Synth 8-256] done synthesizing module 'axi_protocol_converter_v2_1_12_axi_protocol_converter' (24#1) [/home/ryunosuke/Works/zynqberrydemo1/vivado/zynqberrydemo1.srcs/sources_1/bd/zsys/ipshared/138d/hdl/axi_protocol_converter_v2_1_vl_rfs.v:4811]
INFO: [Synth 8-256] done synthesizing module 'zsys_auto_pc_2' (25#1) [/home/ryunosuke/Works/zynqberrydemo1/vivado/zynqberrydemo1.srcs/sources_1/bd/zsys/ip/zsys_auto_pc_2/synth/zsys_auto_pc_2.v:58]
Finished RTL Elaboration : Time (s): cpu = 00:00:48 ; elapsed = 00:00:55 . Memory (MB): peak = 1269.871 ; gain = 186.500 ; free physical = 2719 ; free virtual = 5598
Finished RTL Optimization Phase 1 : Time (s): cpu = 00:00:49 ; elapsed = 00:00:55 . Memory (MB): peak = 1269.871 ; gain = 186.500 ; free physical = 2705 ; free virtual = 5583
INFO: [Device 21-403] Loading part xc7z010clg225-1
Constraint Validation Runtime : Time (s): cpu = 00:00:00.04 ; elapsed = 00:00:00.04 . Memory (MB): peak = 1551.477 ; gain = 0.000 ; free physical = 1468 ; free virtual = 4423
Finished Constraint Validation : Time (s): cpu = 00:01:04 ; elapsed = 00:01:13 . Memory (MB): peak = 1551.477 ; gain = 468.105 ; free physical = 930 ; free virtual = 3907
Finished Loading Part and Timing Information : Time (s): cpu = 00:01:04 ; elapsed = 00:01:13 . Memory (MB): peak = 1551.477 ; gain = 468.105 ; free physical = 930 ; free virtual = 3907
Finished applying 'set_property' XDC Constraints : Time (s): cpu = 00:01:04 ; elapsed = 00:01:13 . Memory (MB): peak = 1551.477 ; gain = 468.105 ; free physical = 921 ; free virtual = 3897
Finished RTL Optimization Phase 2 : Time (s): cpu = 00:01:05 ; elapsed = 00:01:14 . Memory (MB): peak = 1551.477 ; gain = 468.105 ; free physical = 835 ; free virtual = 3811
Finished Cross Boundary and Area Optimization : Time (s): cpu = 00:01:07 ; elapsed = 00:01:16 . Memory (MB): peak = 1551.477 ; gain = 468.105 ; free physical = 709 ; free virtual = 3685
---------------------------------------------------------------------------------
Start ROM, RAM, DSP and Shift Register Reporting
---------------------------------------------------------------------------------

Distributed RAM: Preliminary Mapping  Report (see note below)
+-------------------------------------------------------------------------------------------------------------------+-------------------------------------------------------------------------------+----------------+----------------------+----------------+
|Module Name                                                                                                        | RTL Object                                                                    | Inference      | Size (Depth x Width) | Primitives     | 
+-------------------------------------------------------------------------------------------------------------------+-------------------------------------------------------------------------------+----------------+----------------------+----------------+
|inst/\gen_axi4_axi3.axi3_conv_inst/USE_READ.USE_SPLIT_R.read_addr_inst/USE_R_CHANNEL.cmd_queue/inst/fifo_gen_inst  | inst_fifo_gen/gconvfifo.rf/grf.rf/gntv_or_sync_fifo.mem/gdm.dm_gen.dm/RAM_reg | User Attribute | 32 x 1               | RAM32X1D x 1   | 
+-------------------------------------------------------------------------------------------------------------------+-------------------------------------------------------------------------------+----------------+----------------------+----------------+

Note: The table above is a preliminary report that shows the Distributed RAMs at the current stage of the synthesis flow. Some Distributed RAMs may be reimplemented as non Distributed RAM primitives later in the synthesis flow. Multiple instantiated RAMs are reported only once.
---------------------------------------------------------------------------------
Finished ROM, RAM, DSP and Shift Register Reporting
---------------------------------------------------------------------------------
Finished Applying XDC Timing Constraints : Time (s): cpu = 00:01:18 ; elapsed = 00:01:28 . Memory (MB): peak = 1551.477 ; gain = 468.105 ; free physical = 125 ; free virtual = 3050
Finished Timing Optimization : Time (s): cpu = 00:01:20 ; elapsed = 00:01:29 . Memory (MB): peak = 1551.477 ; gain = 468.105 ; free physical = 158 ; free virtual = 3024
Finished Technology Mapping : Time (s): cpu = 00:01:20 ; elapsed = 00:01:29 . Memory (MB): peak = 1551.477 ; gain = 468.105 ; free physical = 133 ; free virtual = 2999
Finished IO Insertion : Time (s): cpu = 00:01:21 ; elapsed = 00:01:30 . Memory (MB): peak = 1551.477 ; gain = 468.105 ; free physical = 133 ; free virtual = 2974
Finished Renaming Generated Instances : Time (s): cpu = 00:01:21 ; elapsed = 00:01:30 . Memory (MB): peak = 1551.477 ; gain = 468.105 ; free physical = 132 ; free virtual = 2974
Finished Rebuilding User Hierarchy : Time (s): cpu = 00:01:21 ; elapsed = 00:01:30 . Memory (MB): peak = 1551.477 ; gain = 468.105 ; free physical = 123 ; free virtual = 2964
Finished Renaming Generated Ports : Time (s): cpu = 00:01:21 ; elapsed = 00:01:30 . Memory (MB): peak = 1551.477 ; gain = 468.105 ; free physical = 122 ; free virtual = 2964
Finished Handling Custom Attributes : Time (s): cpu = 00:01:21 ; elapsed = 00:01:30 . Memory (MB): peak = 1551.477 ; gain = 468.105 ; free physical = 122 ; free virtual = 2963
Finished Renaming Generated Nets : Time (s): cpu = 00:01:21 ; elapsed = 00:01:30 . Memory (MB): peak = 1551.477 ; gain = 468.105 ; free physical = 122 ; free virtual = 2963

Report Cell Usage: 
+------+---------+------+
|      |Cell     |Count |
+------+---------+------+
|1     |CARRY4   |     8|
|2     |LUT1     |     8|
|3     |LUT2     |    21|
|4     |LUT3     |    25|
|5     |LUT4     |    26|
|6     |LUT5     |    71|
|7     |LUT6     |    31|
|8     |RAM32X1D |     1|
|9     |FDCE     |    23|
|10    |FDPE     |    21|
|11    |FDRE     |   146|
|12    |FDSE     |     1|
+------+---------+------+
Finished Writing Synthesis Report : Time (s): cpu = 00:01:21 ; elapsed = 00:01:30 . Memory (MB): peak = 1551.477 ; gain = 468.105 ; free physical = 122 ; free virtual = 2963
synth_design: Time (s): cpu = 00:01:23 ; elapsed = 00:01:32 . Memory (MB): peak = 1551.477 ; gain = 480.688 ; free physical = 160 ; free virtual = 2938
