
*** Running vivado
    with args -log zsys_auto_pc_2.vds -m64 -product Vivado -mode batch -messageDb vivado.pb -notrace -source zsys_auto_pc_2.tcl


****** Vivado v2017.1 (64-bit)
  **** SW Build 1846317 on Fri Apr 14 18:54:47 MDT 2017
  **** IP Build 1846188 on Fri Apr 14 20:52:08 MDT 2017
    ** Copyright 1986-2017 Xilinx, Inc. All Rights Reserved.

source zsys_auto_pc_2.tcl -notrace
Starting RTL Elaboration : Time (s): cpu = 00:00:08 ; elapsed = 00:00:08 . Memory (MB): peak = 1149.371 ; gain = 66.000 ; free physical = 2242 ; free virtual = 5595
INFO: [Synth 8-638] synthesizing module 'zsys_auto_pc_2' [/home/ryunosuke/Works/zynqberrydemo1/vivado/zynqberrydemo1.srcs/sources_1/bd/zsys/ip/zsys_auto_pc_2/synth/zsys_auto_pc_2.v:58]
INFO: [Synth 8-638] synthesizing module 'axi_protocol_converter_v2_1_12_axi_protocol_converter' [/home/ryunosuke/Works/zynqberrydemo1/vivado/zynqberrydemo1.srcs/sources_1/bd/zsys/ipshared/138d/hdl/axi_protocol_converter_v2_1_vl_rfs.v:4811]
INFO: [Synth 8-638] synthesizing module 'axi_protocol_converter_v2_1_12_axi3_conv' [/home/ryunosuke/Works/zynqberrydemo1/vivado/zynqberrydemo1.srcs/sources_1/bd/zsys/ipshared/138d/hdl/axi_protocol_converter_v2_1_vl_rfs.v:954]
INFO: [Synth 8-638] synthesizing module 'axi_protocol_converter_v2_1_12_a_axi3_conv' [/home/ryunosuke/Works/zynqberrydemo1/vivado/zynqberrydemo1.srcs/sources_1/bd/zsys/ipshared/138d/hdl/axi_protocol_converter_v2_1_vl_rfs.v:62]
INFO: [Synth 8-638] synthesizing module 'axi_data_fifo_v2_1_11_axic_fifo' [/home/ryunosuke/Works/zynqberrydemo1/vivado/zynqberrydemo1.srcs/sources_1/bd/zsys/ipshared/5235/hdl/axi_data_fifo_v2_1_vl_rfs.v:64]
INFO: [Synth 8-638] synthesizing module 'axi_data_fifo_v2_1_11_fifo_gen' [/home/ryunosuke/Works/zynqberrydemo1/vivado/zynqberrydemo1.srcs/sources_1/bd/zsys/ipshared/5235/hdl/axi_data_fifo_v2_1_vl_rfs.v:168]
INFO: [Synth 8-256] done synthesizing module 'axi_data_fifo_v2_1_11_fifo_gen' (19#1) [/home/ryunosuke/Works/zynqberrydemo1/vivado/zynqberrydemo1.srcs/sources_1/bd/zsys/ipshared/5235/hdl/axi_data_fifo_v2_1_vl_rfs.v:168]
INFO: [Synth 8-256] done synthesizing module 'axi_data_fifo_v2_1_11_axic_fifo' (20#1) [/home/ryunosuke/Works/zynqberrydemo1/vivado/zynqberrydemo1.srcs/sources_1/bd/zsys/ipshared/5235/hdl/axi_data_fifo_v2_1_vl_rfs.v:64]
INFO: [Synth 8-256] done synthesizing module 'axi_protocol_converter_v2_1_12_a_axi3_conv' (21#1) [/home/ryunosuke/Works/zynqberrydemo1/vivado/zynqberrydemo1.srcs/sources_1/bd/zsys/ipshared/138d/hdl/axi_protocol_converter_v2_1_vl_rfs.v:62]
INFO: [Synth 8-638] synthesizing module 'axi_protocol_converter_v2_1_12_r_axi3_conv' [/home/ryunosuke/Works/zynqberrydemo1/vivado/zynqberrydemo1.srcs/sources_1/bd/zsys/ipshared/138d/hdl/axi_protocol_converter_v2_1_vl_rfs.v:1789]
INFO: [Synth 8-256] done synthesizing module 'axi_protocol_converter_v2_1_12_r_axi3_conv' (22#1) [/home/ryunosuke/Works/zynqberrydemo1/vivado/zynqberrydemo1.srcs/sources_1/bd/zsys/ipshared/138d/hdl/axi_protocol_converter_v2_1_vl_rfs.v:1789]
INFO: [Synth 8-256] done synthesizing module 'axi_protocol_converter_v2_1_12_axi3_conv' (23#1) [/home/ryunosuke/Works/zynqberrydemo1/vivado/zynqberrydemo1.srcs/sources_1/bd/zsys/ipshared/138d/hdl/axi_protocol_converter_v2_1_vl_rfs.v:954]
INFO: [Synth 8-256] done synthesizing module 'axi_protocol_converter_v2_1_12_axi_protocol_converter' (24#1) [/home/ryunosuke/Works/zynqberrydemo1/vivado/zynqberrydemo1.srcs/sources_1/bd/zsys/ipshared/138d/hdl/axi_protocol_converter_v2_1_vl_rfs.v:4811]
INFO: [Synth 8-256] done synthesizing module 'zsys_auto_pc_2' (25#1) [/home/ryunosuke/Works/zynqberrydemo1/vivado/zynqberrydemo1.srcs/sources_1/bd/zsys/ip/zsys_auto_pc_2/synth/zsys_auto_pc_2.v:58]
Finished RTL Elaboration : Time (s): cpu = 00:00:49 ; elapsed = 00:00:50 . Memory (MB): peak = 1270.871 ; gain = 187.500 ; free physical = 1777 ; free virtual = 5131
Finished RTL Optimization Phase 1 : Time (s): cpu = 00:00:49 ; elapsed = 00:00:50 . Memory (MB): peak = 1270.871 ; gain = 187.500 ; free physical = 1758 ; free virtual = 5113
INFO: [Device 21-403] Loading part xc7z010clg225-1
Constraint Validation Runtime : Time (s): cpu = 00:00:00.05 ; elapsed = 00:00:00.04 . Memory (MB): peak = 1552.477 ; gain = 0.000 ; free physical = 1140 ; free virtual = 4494
Finished Constraint Validation : Time (s): cpu = 00:01:04 ; elapsed = 00:01:05 . Memory (MB): peak = 1552.477 ; gain = 469.105 ; free physical = 1774 ; free virtual = 5130
Finished Loading Part and Timing Information : Time (s): cpu = 00:01:04 ; elapsed = 00:01:05 . Memory (MB): peak = 1552.477 ; gain = 469.105 ; free physical = 1774 ; free virtual = 5130
Finished applying 'set_property' XDC Constraints : Time (s): cpu = 00:01:04 ; elapsed = 00:01:05 . Memory (MB): peak = 1552.477 ; gain = 469.105 ; free physical = 1774 ; free virtual = 5130
Finished RTL Optimization Phase 2 : Time (s): cpu = 00:01:05 ; elapsed = 00:01:06 . Memory (MB): peak = 1552.477 ; gain = 469.105 ; free physical = 1727 ; free virtual = 5083
Finished Cross Boundary and Area Optimization : Time (s): cpu = 00:01:07 ; elapsed = 00:01:08 . Memory (MB): peak = 1552.477 ; gain = 469.105 ; free physical = 1633 ; free virtual = 4993
---------------------------------------------------------------------------------
Start ROM, RAM, DSP and Shift Register Reporting
---------------------------------------------------------------------------------

Distributed RAM: Preliminary Mapping  Report (see note below)
+-------------------------------------------------------------------------------------------------------------------+-------------------------------------------------------------------------------+----------------+----------------------+----------------+
|Module Name                                                                                                        | RTL Object                                                                    | Inference      | Size (Depth x Width) | Primitives     | 
+-------------------------------------------------------------------------------------------------------------------+-------------------------------------------------------------------------------+----------------+----------------------+----------------+
|inst/\gen_axi4_axi3.axi3_conv_inst/USE_READ.USE_SPLIT_R.read_addr_inst/USE_R_CHANNEL.cmd_queue/inst/fifo_gen_inst  | inst_fifo_gen/gconvfifo.rf/grf.rf/gntv_or_sync_fifo.mem/gdm.dm_gen.dm/RAM_reg | User Attribute | 32 x 1               | RAM32X1D x 1   | 
+-------------------------------------------------------------------------------------------------------------------+-------------------------------------------------------------------------------+----------------+----------------------+----------------+

Note: The table above is a preliminary report that shows the Distributed RAMs at the current stage of the synthesis flow. Some Distributed RAMs may be reimplemented as non Distributed RAM primitives later in the synthesis flow. Multiple instantiated RAMs are reported only once.
---------------------------------------------------------------------------------
Finished ROM, RAM, DSP and Shift Register Reporting
---------------------------------------------------------------------------------
Finished Applying XDC Timing Constraints : Time (s): cpu = 00:01:14 ; elapsed = 00:01:16 . Memory (MB): peak = 1552.477 ; gain = 469.105 ; free physical = 1942 ; free virtual = 5303
Finished Timing Optimization : Time (s): cpu = 00:01:15 ; elapsed = 00:01:16 . Memory (MB): peak = 1552.477 ; gain = 469.105 ; free physical = 1988 ; free virtual = 5352
Finished Technology Mapping : Time (s): cpu = 00:01:15 ; elapsed = 00:01:16 . Memory (MB): peak = 1552.477 ; gain = 469.105 ; free physical = 1958 ; free virtual = 5324
Finished IO Insertion : Time (s): cpu = 00:01:16 ; elapsed = 00:01:17 . Memory (MB): peak = 1552.477 ; gain = 469.105 ; free physical = 1935 ; free virtual = 5303
Finished Renaming Generated Instances : Time (s): cpu = 00:01:16 ; elapsed = 00:01:17 . Memory (MB): peak = 1552.477 ; gain = 469.105 ; free physical = 1935 ; free virtual = 5303
Finished Rebuilding User Hierarchy : Time (s): cpu = 00:01:16 ; elapsed = 00:01:17 . Memory (MB): peak = 1552.477 ; gain = 469.105 ; free physical = 1931 ; free virtual = 5298
Finished Renaming Generated Ports : Time (s): cpu = 00:01:16 ; elapsed = 00:01:17 . Memory (MB): peak = 1552.477 ; gain = 469.105 ; free physical = 1929 ; free virtual = 5297
Finished Handling Custom Attributes : Time (s): cpu = 00:01:16 ; elapsed = 00:01:17 . Memory (MB): peak = 1552.477 ; gain = 469.105 ; free physical = 1927 ; free virtual = 5294
Finished Renaming Generated Nets : Time (s): cpu = 00:01:16 ; elapsed = 00:01:17 . Memory (MB): peak = 1552.477 ; gain = 469.105 ; free physical = 1926 ; free virtual = 5294

Report Cell Usage: 
+------+---------+------+
|      |Cell     |Count |
+------+---------+------+
|1     |CARRY4   |     8|
|2     |LUT1     |     8|
|3     |LUT2     |    21|
|4     |LUT3     |    25|
|5     |LUT4     |    26|
|6     |LUT5     |    71|
|7     |LUT6     |    31|
|8     |RAM32X1D |     1|
|9     |FDCE     |    23|
|10    |FDPE     |    21|
|11    |FDRE     |   146|
|12    |FDSE     |     1|
+------+---------+------+
Finished Writing Synthesis Report : Time (s): cpu = 00:01:16 ; elapsed = 00:01:17 . Memory (MB): peak = 1552.477 ; gain = 469.105 ; free physical = 1926 ; free virtual = 5294
synth_design: Time (s): cpu = 00:01:17 ; elapsed = 00:01:18 . Memory (MB): peak = 1552.477 ; gain = 481.688 ; free physical = 2482 ; free virtual = 5851
