
*** Running vivado
    with args -log zsys_clk_wiz_1_0.vds -m64 -product Vivado -mode batch -messageDb vivado.pb -notrace -source zsys_clk_wiz_1_0.tcl


****** Vivado v2017.1 (64-bit)
  **** SW Build 1846317 on Fri Apr 14 18:54:47 MDT 2017
  **** IP Build 1846188 on Fri Apr 14 20:52:08 MDT 2017
    ** Copyright 1986-2017 Xilinx, Inc. All Rights Reserved.

source zsys_clk_wiz_1_0.tcl -notrace
Starting RTL Elaboration : Time (s): cpu = 00:00:07 ; elapsed = 00:00:08 . Memory (MB): peak = 1144.367 ; gain = 61.000 ; free physical = 924 ; free virtual = 3900
INFO: [Synth 8-638] synthesizing module 'zsys_clk_wiz_1_0' [/home/ryunosuke/Works/zynqberrydemo1/vivado/zynqberrydemo1.srcs/sources_1/bd/zsys/ip/zsys_clk_wiz_1_0/zsys_clk_wiz_1_0.v:71]
INFO: [Synth 8-638] synthesizing module 'zsys_clk_wiz_1_0_axi_clk_config' [/home/ryunosuke/Works/zynqberrydemo1/vivado/zynqberrydemo1.srcs/sources_1/bd/zsys/ip/zsys_clk_wiz_1_0/zsys_clk_wiz_1_0_axi_clk_config.vhd:178]
INFO: [Synth 8-638] synthesizing module 'zsys_clk_wiz_1_0_axi_lite_ipif' [/home/ryunosuke/Works/zynqberrydemo1/vivado/zynqberrydemo1.srcs/sources_1/bd/zsys/ip/zsys_clk_wiz_1_0/axi_lite_ipif_v1_01_a/hdl/src/vhdl/zsys_clk_wiz_1_0_axi_lite_ipif.vhd:245]
INFO: [Synth 8-638] synthesizing module 'zsys_clk_wiz_1_0_slave_attachment' [/home/ryunosuke/Works/zynqberrydemo1/vivado/zynqberrydemo1.srcs/sources_1/bd/zsys/ip/zsys_clk_wiz_1_0/axi_lite_ipif_v1_01_a/hdl/src/vhdl/zsys_clk_wiz_1_0_slave_attachment.vhd:236]
INFO: [Synth 8-638] synthesizing module 'zsys_clk_wiz_1_0_address_decoder' [/home/ryunosuke/Works/zynqberrydemo1/vivado/zynqberrydemo1.srcs/sources_1/bd/zsys/ip/zsys_clk_wiz_1_0/axi_lite_ipif_v1_01_a/hdl/src/vhdl/zsys_clk_wiz_1_0_address_decoder.vhd:186]
INFO: [Synth 8-638] synthesizing module 'zsys_clk_wiz_1_0_pselect_f' [/home/ryunosuke/Works/zynqberrydemo1/vivado/zynqberrydemo1.srcs/sources_1/bd/zsys/ip/zsys_clk_wiz_1_0/proc_common_v3_00_a/hdl/src/vhdl/zsys_clk_wiz_1_0_pselect_f.vhd:162]
INFO: [Synth 8-256] done synthesizing module 'zsys_clk_wiz_1_0_pselect_f' (1#1) [/home/ryunosuke/Works/zynqberrydemo1/vivado/zynqberrydemo1.srcs/sources_1/bd/zsys/ip/zsys_clk_wiz_1_0/proc_common_v3_00_a/hdl/src/vhdl/zsys_clk_wiz_1_0_pselect_f.vhd:162]
INFO: [Synth 8-638] synthesizing module 'zsys_clk_wiz_1_0_pselect_f__parameterized0' [/home/ryunosuke/Works/zynqberrydemo1/vivado/zynqberrydemo1.srcs/sources_1/bd/zsys/ip/zsys_clk_wiz_1_0/proc_common_v3_00_a/hdl/src/vhdl/zsys_clk_wiz_1_0_pselect_f.vhd:162]
INFO: [Synth 8-256] done synthesizing module 'zsys_clk_wiz_1_0_pselect_f__parameterized0' (1#1) [/home/ryunosuke/Works/zynqberrydemo1/vivado/zynqberrydemo1.srcs/sources_1/bd/zsys/ip/zsys_clk_wiz_1_0/proc_common_v3_00_a/hdl/src/vhdl/zsys_clk_wiz_1_0_pselect_f.vhd:162]
INFO: [Synth 8-638] synthesizing module 'zsys_clk_wiz_1_0_pselect_f__parameterized1' [/home/ryunosuke/Works/zynqberrydemo1/vivado/zynqberrydemo1.srcs/sources_1/bd/zsys/ip/zsys_clk_wiz_1_0/proc_common_v3_00_a/hdl/src/vhdl/zsys_clk_wiz_1_0_pselect_f.vhd:162]
INFO: [Synth 8-256] done synthesizing module 'zsys_clk_wiz_1_0_pselect_f__parameterized1' (1#1) [/home/ryunosuke/Works/zynqberrydemo1/vivado/zynqberrydemo1.srcs/sources_1/bd/zsys/ip/zsys_clk_wiz_1_0/proc_common_v3_00_a/hdl/src/vhdl/zsys_clk_wiz_1_0_pselect_f.vhd:162]
INFO: [Synth 8-638] synthesizing module 'zsys_clk_wiz_1_0_pselect_f__parameterized2' [/home/ryunosuke/Works/zynqberrydemo1/vivado/zynqberrydemo1.srcs/sources_1/bd/zsys/ip/zsys_clk_wiz_1_0/proc_common_v3_00_a/hdl/src/vhdl/zsys_clk_wiz_1_0_pselect_f.vhd:162]
INFO: [Synth 8-256] done synthesizing module 'zsys_clk_wiz_1_0_pselect_f__parameterized2' (1#1) [/home/ryunosuke/Works/zynqberrydemo1/vivado/zynqberrydemo1.srcs/sources_1/bd/zsys/ip/zsys_clk_wiz_1_0/proc_common_v3_00_a/hdl/src/vhdl/zsys_clk_wiz_1_0_pselect_f.vhd:162]
INFO: [Synth 8-638] synthesizing module 'zsys_clk_wiz_1_0_pselect_f__parameterized3' [/home/ryunosuke/Works/zynqberrydemo1/vivado/zynqberrydemo1.srcs/sources_1/bd/zsys/ip/zsys_clk_wiz_1_0/proc_common_v3_00_a/hdl/src/vhdl/zsys_clk_wiz_1_0_pselect_f.vhd:162]
INFO: [Synth 8-256] done synthesizing module 'zsys_clk_wiz_1_0_pselect_f__parameterized3' (1#1) [/home/ryunosuke/Works/zynqberrydemo1/vivado/zynqberrydemo1.srcs/sources_1/bd/zsys/ip/zsys_clk_wiz_1_0/proc_common_v3_00_a/hdl/src/vhdl/zsys_clk_wiz_1_0_pselect_f.vhd:162]
INFO: [Synth 8-638] synthesizing module 'zsys_clk_wiz_1_0_pselect_f__parameterized4' [/home/ryunosuke/Works/zynqberrydemo1/vivado/zynqberrydemo1.srcs/sources_1/bd/zsys/ip/zsys_clk_wiz_1_0/proc_common_v3_00_a/hdl/src/vhdl/zsys_clk_wiz_1_0_pselect_f.vhd:162]
INFO: [Synth 8-256] done synthesizing module 'zsys_clk_wiz_1_0_pselect_f__parameterized4' (1#1) [/home/ryunosuke/Works/zynqberrydemo1/vivado/zynqberrydemo1.srcs/sources_1/bd/zsys/ip/zsys_clk_wiz_1_0/proc_common_v3_00_a/hdl/src/vhdl/zsys_clk_wiz_1_0_pselect_f.vhd:162]
INFO: [Synth 8-638] synthesizing module 'zsys_clk_wiz_1_0_pselect_f__parameterized5' [/home/ryunosuke/Works/zynqberrydemo1/vivado/zynqberrydemo1.srcs/sources_1/bd/zsys/ip/zsys_clk_wiz_1_0/proc_common_v3_00_a/hdl/src/vhdl/zsys_clk_wiz_1_0_pselect_f.vhd:162]
INFO: [Synth 8-256] done synthesizing module 'zsys_clk_wiz_1_0_pselect_f__parameterized5' (1#1) [/home/ryunosuke/Works/zynqberrydemo1/vivado/zynqberrydemo1.srcs/sources_1/bd/zsys/ip/zsys_clk_wiz_1_0/proc_common_v3_00_a/hdl/src/vhdl/zsys_clk_wiz_1_0_pselect_f.vhd:162]
INFO: [Synth 8-638] synthesizing module 'zsys_clk_wiz_1_0_pselect_f__parameterized6' [/home/ryunosuke/Works/zynqberrydemo1/vivado/zynqberrydemo1.srcs/sources_1/bd/zsys/ip/zsys_clk_wiz_1_0/proc_common_v3_00_a/hdl/src/vhdl/zsys_clk_wiz_1_0_pselect_f.vhd:162]
INFO: [Synth 8-256] done synthesizing module 'zsys_clk_wiz_1_0_pselect_f__parameterized6' (1#1) [/home/ryunosuke/Works/zynqberrydemo1/vivado/zynqberrydemo1.srcs/sources_1/bd/zsys/ip/zsys_clk_wiz_1_0/proc_common_v3_00_a/hdl/src/vhdl/zsys_clk_wiz_1_0_pselect_f.vhd:162]
INFO: [Synth 8-638] synthesizing module 'zsys_clk_wiz_1_0_pselect_f__parameterized7' [/home/ryunosuke/Works/zynqberrydemo1/vivado/zynqberrydemo1.srcs/sources_1/bd/zsys/ip/zsys_clk_wiz_1_0/proc_common_v3_00_a/hdl/src/vhdl/zsys_clk_wiz_1_0_pselect_f.vhd:162]
INFO: [Synth 8-256] done synthesizing module 'zsys_clk_wiz_1_0_pselect_f__parameterized7' (1#1) [/home/ryunosuke/Works/zynqberrydemo1/vivado/zynqberrydemo1.srcs/sources_1/bd/zsys/ip/zsys_clk_wiz_1_0/proc_common_v3_00_a/hdl/src/vhdl/zsys_clk_wiz_1_0_pselect_f.vhd:162]
INFO: [Synth 8-638] synthesizing module 'zsys_clk_wiz_1_0_pselect_f__parameterized8' [/home/ryunosuke/Works/zynqberrydemo1/vivado/zynqberrydemo1.srcs/sources_1/bd/zsys/ip/zsys_clk_wiz_1_0/proc_common_v3_00_a/hdl/src/vhdl/zsys_clk_wiz_1_0_pselect_f.vhd:162]
INFO: [Synth 8-256] done synthesizing module 'zsys_clk_wiz_1_0_pselect_f__parameterized8' (1#1) [/home/ryunosuke/Works/zynqberrydemo1/vivado/zynqberrydemo1.srcs/sources_1/bd/zsys/ip/zsys_clk_wiz_1_0/proc_common_v3_00_a/hdl/src/vhdl/zsys_clk_wiz_1_0_pselect_f.vhd:162]
INFO: [Synth 8-256] done synthesizing module 'zsys_clk_wiz_1_0_address_decoder' (2#1) [/home/ryunosuke/Works/zynqberrydemo1/vivado/zynqberrydemo1.srcs/sources_1/bd/zsys/ip/zsys_clk_wiz_1_0/axi_lite_ipif_v1_01_a/hdl/src/vhdl/zsys_clk_wiz_1_0_address_decoder.vhd:186]
INFO: [Synth 8-256] done synthesizing module 'zsys_clk_wiz_1_0_slave_attachment' (3#1) [/home/ryunosuke/Works/zynqberrydemo1/vivado/zynqberrydemo1.srcs/sources_1/bd/zsys/ip/zsys_clk_wiz_1_0/axi_lite_ipif_v1_01_a/hdl/src/vhdl/zsys_clk_wiz_1_0_slave_attachment.vhd:236]
INFO: [Synth 8-256] done synthesizing module 'zsys_clk_wiz_1_0_axi_lite_ipif' (4#1) [/home/ryunosuke/Works/zynqberrydemo1/vivado/zynqberrydemo1.srcs/sources_1/bd/zsys/ip/zsys_clk_wiz_1_0/axi_lite_ipif_v1_01_a/hdl/src/vhdl/zsys_clk_wiz_1_0_axi_lite_ipif.vhd:245]
INFO: [Synth 8-638] synthesizing module 'zsys_clk_wiz_1_0_clk_wiz_drp' [/home/ryunosuke/Works/zynqberrydemo1/vivado/zynqberrydemo1.srcs/sources_1/bd/zsys/ip/zsys_clk_wiz_1_0/zsys_clk_wiz_1_0_clk_wiz_drp.vhd:154]
INFO: [Synth 8-638] synthesizing module 'zsys_clk_wiz_1_0_clk_wiz' [/home/ryunosuke/Works/zynqberrydemo1/vivado/zynqberrydemo1.srcs/sources_1/bd/zsys/ip/zsys_clk_wiz_1_0/zsys_clk_wiz_1_0_clk_wiz.v:69]
INFO: [Synth 8-638] synthesizing module 'IBUF' [/opt/Xilinx/Vivado/2017.1/scripts/rt/data/unisim_comp.v:14470]
INFO: [Synth 8-256] done synthesizing module 'IBUF' (5#1) [/opt/Xilinx/Vivado/2017.1/scripts/rt/data/unisim_comp.v:14470]
INFO: [Synth 8-638] synthesizing module 'MMCME2_ADV' [/opt/Xilinx/Vivado/2017.1/scripts/rt/data/unisim_comp.v:20759]
INFO: [Synth 8-256] done synthesizing module 'MMCME2_ADV' (6#1) [/opt/Xilinx/Vivado/2017.1/scripts/rt/data/unisim_comp.v:20759]
INFO: [Synth 8-638] synthesizing module 'BUFG' [/opt/Xilinx/Vivado/2017.1/scripts/rt/data/unisim_comp.v:607]
INFO: [Synth 8-256] done synthesizing module 'BUFG' (7#1) [/opt/Xilinx/Vivado/2017.1/scripts/rt/data/unisim_comp.v:607]
INFO: [Synth 8-256] done synthesizing module 'zsys_clk_wiz_1_0_clk_wiz' (8#1) [/home/ryunosuke/Works/zynqberrydemo1/vivado/zynqberrydemo1.srcs/sources_1/bd/zsys/ip/zsys_clk_wiz_1_0/zsys_clk_wiz_1_0_clk_wiz.v:69]
INFO: [Synth 8-638] synthesizing module 'zsys_clk_wiz_1_0_mmcm_drp' [/home/ryunosuke/Works/zynqberrydemo1/vivado/zynqberrydemo1.srcs/sources_1/bd/zsys/ip/zsys_clk_wiz_1_0/zsys_clk_wiz_1_0_mmcm_pll_drp.v:47]
INFO: [Synth 8-256] done synthesizing module 'zsys_clk_wiz_1_0_mmcm_drp' (9#1) [/home/ryunosuke/Works/zynqberrydemo1/vivado/zynqberrydemo1.srcs/sources_1/bd/zsys/ip/zsys_clk_wiz_1_0/zsys_clk_wiz_1_0_mmcm_pll_drp.v:47]
INFO: [Synth 8-256] done synthesizing module 'zsys_clk_wiz_1_0_clk_wiz_drp' (10#1) [/home/ryunosuke/Works/zynqberrydemo1/vivado/zynqberrydemo1.srcs/sources_1/bd/zsys/ip/zsys_clk_wiz_1_0/zsys_clk_wiz_1_0_clk_wiz_drp.vhd:154]
INFO: [Synth 8-638] synthesizing module 'zsys_clk_wiz_1_0_soft_reset' [/home/ryunosuke/Works/zynqberrydemo1/vivado/zynqberrydemo1.srcs/sources_1/bd/zsys/ip/zsys_clk_wiz_1_0/proc_common_v3_00_a/hdl/src/vhdl/zsys_clk_wiz_1_0_soft_reset.vhd:142]
INFO: [Synth 8-256] done synthesizing module 'zsys_clk_wiz_1_0_soft_reset' (11#1) [/home/ryunosuke/Works/zynqberrydemo1/vivado/zynqberrydemo1.srcs/sources_1/bd/zsys/ip/zsys_clk_wiz_1_0/proc_common_v3_00_a/hdl/src/vhdl/zsys_clk_wiz_1_0_soft_reset.vhd:142]
INFO: [Synth 8-256] done synthesizing module 'zsys_clk_wiz_1_0_axi_clk_config' (12#1) [/home/ryunosuke/Works/zynqberrydemo1/vivado/zynqberrydemo1.srcs/sources_1/bd/zsys/ip/zsys_clk_wiz_1_0/zsys_clk_wiz_1_0_axi_clk_config.vhd:178]
INFO: [Synth 8-256] done synthesizing module 'zsys_clk_wiz_1_0' (13#1) [/home/ryunosuke/Works/zynqberrydemo1/vivado/zynqberrydemo1.srcs/sources_1/bd/zsys/ip/zsys_clk_wiz_1_0/zsys_clk_wiz_1_0.v:71]
Finished RTL Elaboration : Time (s): cpu = 00:00:10 ; elapsed = 00:00:11 . Memory (MB): peak = 1198.867 ; gain = 115.500 ; free physical = 724 ; free virtual = 3700
Finished RTL Optimization Phase 1 : Time (s): cpu = 00:00:10 ; elapsed = 00:00:11 . Memory (MB): peak = 1198.867 ; gain = 115.500 ; free physical = 692 ; free virtual = 3668
INFO: [Device 21-403] Loading part xc7z010clg225-1
Constraint Validation Runtime : Time (s): cpu = 00:00:00.12 ; elapsed = 00:00:00.12 . Memory (MB): peak = 1562.082 ; gain = 0.000 ; free physical = 146 ; free virtual = 3085
Finished Constraint Validation : Time (s): cpu = 00:00:27 ; elapsed = 00:00:29 . Memory (MB): peak = 1562.082 ; gain = 478.715 ; free physical = 190 ; free virtual = 2941
Finished Loading Part and Timing Information : Time (s): cpu = 00:00:27 ; elapsed = 00:00:29 . Memory (MB): peak = 1562.082 ; gain = 478.715 ; free physical = 195 ; free virtual = 2946
Finished applying 'set_property' XDC Constraints : Time (s): cpu = 00:00:27 ; elapsed = 00:00:29 . Memory (MB): peak = 1562.082 ; gain = 478.715 ; free physical = 216 ; free virtual = 2967
Finished RTL Optimization Phase 2 : Time (s): cpu = 00:00:38 ; elapsed = 00:00:41 . Memory (MB): peak = 1562.082 ; gain = 478.715 ; free physical = 2224 ; free virtual = 4990
Finished Cross Boundary and Area Optimization : Time (s): cpu = 00:01:41 ; elapsed = 00:01:47 . Memory (MB): peak = 1562.082 ; gain = 478.715 ; free physical = 1104 ; free virtual = 3975
Finished Applying XDC Timing Constraints : Time (s): cpu = 00:01:54 ; elapsed = 00:02:01 . Memory (MB): peak = 1562.082 ; gain = 478.715 ; free physical = 724 ; free virtual = 3599
Finished Timing Optimization : Time (s): cpu = 00:02:07 ; elapsed = 00:02:15 . Memory (MB): peak = 1566.082 ; gain = 482.715 ; free physical = 154 ; free virtual = 3030
Finished Technology Mapping : Time (s): cpu = 00:02:11 ; elapsed = 00:02:19 . Memory (MB): peak = 1578.762 ; gain = 495.395 ; free physical = 186 ; free virtual = 3042
Finished IO Insertion : Time (s): cpu = 00:02:12 ; elapsed = 00:02:20 . Memory (MB): peak = 1578.762 ; gain = 495.395 ; free physical = 303 ; free virtual = 3160
Finished Renaming Generated Instances : Time (s): cpu = 00:02:12 ; elapsed = 00:02:20 . Memory (MB): peak = 1578.762 ; gain = 495.395 ; free physical = 302 ; free virtual = 3158
Finished Rebuilding User Hierarchy : Time (s): cpu = 00:02:13 ; elapsed = 00:02:21 . Memory (MB): peak = 1578.762 ; gain = 495.395 ; free physical = 280 ; free virtual = 3137
Finished Renaming Generated Ports : Time (s): cpu = 00:02:13 ; elapsed = 00:02:21 . Memory (MB): peak = 1578.762 ; gain = 495.395 ; free physical = 280 ; free virtual = 3136
Finished Handling Custom Attributes : Time (s): cpu = 00:02:13 ; elapsed = 00:02:21 . Memory (MB): peak = 1578.762 ; gain = 495.395 ; free physical = 285 ; free virtual = 3141
Finished Renaming Generated Nets : Time (s): cpu = 00:02:13 ; elapsed = 00:02:21 . Memory (MB): peak = 1578.762 ; gain = 495.395 ; free physical = 289 ; free virtual = 3146

Report Cell Usage: 
+------+-----------+------+
|      |Cell       |Count |
+------+-----------+------+
|1     |BUFG       |     3|
|2     |CARRY4     |    34|
|3     |LUT1       |     5|
|4     |LUT2       |   160|
|5     |LUT3       |   118|
|6     |LUT4       |   145|
|7     |LUT5       |   157|
|8     |LUT6       |   728|
|9     |MMCME2_ADV |     1|
|10    |MUXF7      |   135|
|11    |FDRE       |  1415|
|12    |FDSE       |    67|
|13    |IBUF       |     1|
+------+-----------+------+
Finished Writing Synthesis Report : Time (s): cpu = 00:02:13 ; elapsed = 00:02:21 . Memory (MB): peak = 1578.762 ; gain = 495.395 ; free physical = 291 ; free virtual = 3147
synth_design: Time (s): cpu = 00:02:16 ; elapsed = 00:02:23 . Memory (MB): peak = 1610.777 ; gain = 539.992 ; free physical = 310 ; free virtual = 3177
