#! /usr/bin/vvp
:ivl_version "10.2 (stable)";
:ivl_delay_selection "TYPICAL";
:vpi_time_precision - 12;
:vpi_module "system";
:vpi_module "vhdl_sys";
:vpi_module "v2005_math";
:vpi_module "va_math";
S_0x558867befaa0 .scope module, "sobel" "sobel" 2 3;
 .timescale -9 -12;
    .port_info 0 /INPUT 1 "CLK"
    .port_info 1 /INPUT 1 "RESET"
    .port_info 2 /INPUT 24 "D02IN"
    .port_info 3 /INPUT 24 "D01IN"
    .port_info 4 /INPUT 24 "D00IN"
    .port_info 5 /INPUT 24 "D12IN"
    .port_info 6 /INPUT 24 "D11IN"
    .port_info 7 /INPUT 24 "D10IN"
    .port_info 8 /INPUT 24 "D22IN"
    .port_info 9 /INPUT 24 "D21IN"
    .port_info 10 /INPUT 24 "D20IN"
    .port_info 11 /OUTPUT 24 "Dout"
o0x7f6e2b977018 .functor BUFZ 1, C4<z>; HiZ drive
v0x558867bf15f0_0 .net "CLK", 0 0, o0x7f6e2b977018;  0 drivers
o0x7f6e2b977048 .functor BUFZ 24, C4<zzzzzzzzzzzzzzzzzzzzzzzz>; HiZ drive
v0x558867c11e60_0 .net "D00IN", 23 0, o0x7f6e2b977048;  0 drivers
o0x7f6e2b977078 .functor BUFZ 24, C4<zzzzzzzzzzzzzzzzzzzzzzzz>; HiZ drive
v0x558867c11f40_0 .net "D01IN", 23 0, o0x7f6e2b977078;  0 drivers
o0x7f6e2b9770a8 .functor BUFZ 24, C4<zzzzzzzzzzzzzzzzzzzzzzzz>; HiZ drive
v0x558867c12000_0 .net "D02IN", 23 0, o0x7f6e2b9770a8;  0 drivers
o0x7f6e2b9770d8 .functor BUFZ 24, C4<zzzzzzzzzzzzzzzzzzzzzzzz>; HiZ drive
v0x558867c120e0_0 .net "D10IN", 23 0, o0x7f6e2b9770d8;  0 drivers
o0x7f6e2b977108 .functor BUFZ 24, C4<zzzzzzzzzzzzzzzzzzzzzzzz>; HiZ drive
v0x558867c12210_0 .net "D11IN", 23 0, o0x7f6e2b977108;  0 drivers
o0x7f6e2b977138 .functor BUFZ 24, C4<zzzzzzzzzzzzzzzzzzzzzzzz>; HiZ drive
v0x558867c122f0_0 .net "D12IN", 23 0, o0x7f6e2b977138;  0 drivers
o0x7f6e2b977168 .functor BUFZ 24, C4<zzzzzzzzzzzzzzzzzzzzzzzz>; HiZ drive
v0x558867c123d0_0 .net "D20IN", 23 0, o0x7f6e2b977168;  0 drivers
o0x7f6e2b977198 .functor BUFZ 24, C4<zzzzzzzzzzzzzzzzzzzzzzzz>; HiZ drive
v0x558867c124b0_0 .net "D21IN", 23 0, o0x7f6e2b977198;  0 drivers
o0x7f6e2b9771c8 .functor BUFZ 24, C4<zzzzzzzzzzzzzzzzzzzzzzzz>; HiZ drive
v0x558867c12590_0 .net "D22IN", 23 0, o0x7f6e2b9771c8;  0 drivers
v0x558867c12670_0 .var "Dout", 23 0;
o0x7f6e2b977228 .functor BUFZ 1, C4<z>; HiZ drive
v0x558867c12750_0 .net "RESET", 0 0, o0x7f6e2b977228;  0 drivers
v0x558867c12810_0 .net *"_s1", 7 0, L_0x558867c148b0;  1 drivers
L_0x7f6e2b92e060 .functor BUFT 1, C4<0>, C4<0>, C4<0>, C4<0>;
v0x558867c128f0_0 .net *"_s11", 0 0, L_0x7f6e2b92e060;  1 drivers
v0x558867c129d0_0 .net *"_s13", 7 0, L_0x558867c14c50;  1 drivers
L_0x7f6e2b92e0a8 .functor BUFT 1, C4<0>, C4<0>, C4<0>, C4<0>;
v0x558867c12ab0_0 .net *"_s17", 0 0, L_0x7f6e2b92e0a8;  1 drivers
v0x558867c12b90_0 .net *"_s19", 7 0, L_0x558867c14ed0;  1 drivers
L_0x7f6e2b92e0f0 .functor BUFT 1, C4<0>, C4<0>, C4<0>, C4<0>;
v0x558867c12d80_0 .net *"_s23", 0 0, L_0x7f6e2b92e0f0;  1 drivers
v0x558867c12e60_0 .net *"_s25", 7 0, L_0x558867c15160;  1 drivers
L_0x7f6e2b92e138 .functor BUFT 1, C4<0>, C4<0>, C4<0>, C4<0>;
v0x558867c12f40_0 .net *"_s29", 0 0, L_0x7f6e2b92e138;  1 drivers
v0x558867c13020_0 .net *"_s31", 7 0, L_0x558867c15400;  1 drivers
L_0x7f6e2b92e180 .functor BUFT 1, C4<0>, C4<0>, C4<0>, C4<0>;
v0x558867c13100_0 .net *"_s35", 0 0, L_0x7f6e2b92e180;  1 drivers
v0x558867c131e0_0 .net *"_s37", 7 0, L_0x558867c15680;  1 drivers
L_0x7f6e2b92e1c8 .functor BUFT 1, C4<0>, C4<0>, C4<0>, C4<0>;
v0x558867c132c0_0 .net *"_s41", 0 0, L_0x7f6e2b92e1c8;  1 drivers
v0x558867c133a0_0 .net *"_s43", 7 0, L_0x558867c15940;  1 drivers
L_0x7f6e2b92e210 .functor BUFT 1, C4<0>, C4<0>, C4<0>, C4<0>;
v0x558867c13480_0 .net *"_s47", 0 0, L_0x7f6e2b92e210;  1 drivers
v0x558867c13560_0 .net *"_s49", 7 0, L_0x558867c15c10;  1 drivers
L_0x7f6e2b92e018 .functor BUFT 1, C4<0>, C4<0>, C4<0>, C4<0>;
v0x558867c13640_0 .net *"_s5", 0 0, L_0x7f6e2b92e018;  1 drivers
L_0x7f6e2b92e258 .functor BUFT 1, C4<0>, C4<0>, C4<0>, C4<0>;
v0x558867c13720_0 .net *"_s53", 0 0, L_0x7f6e2b92e258;  1 drivers
v0x558867c13800_0 .net/s *"_s54", 13 0, L_0x558867c15ef0;  1 drivers
v0x558867c138e0_0 .net/s *"_s56", 13 0, L_0x558867c15fc0;  1 drivers
v0x558867c139c0_0 .net *"_s7", 7 0, L_0x558867c14a40;  1 drivers
v0x558867c13aa0_0 .net "gray00", 8 0, L_0x558867c14950;  1 drivers
v0x558867c13d90_0 .net "gray01", 8 0, L_0x558867c14ae0;  1 drivers
v0x558867c13e70_0 .net "gray02", 8 0, L_0x558867c14d20;  1 drivers
v0x558867c13f50_0 .net "gray10", 8 0, L_0x558867c14fa0;  1 drivers
v0x558867c14030_0 .net "gray11", 8 0, L_0x558867c15230;  1 drivers
v0x558867c14110_0 .net "gray12", 8 0, L_0x558867c154a0;  1 drivers
v0x558867c141f0_0 .net "gray20", 8 0, L_0x558867c15750;  1 drivers
v0x558867c142d0_0 .net "gray21", 8 0, L_0x558867c15a10;  1 drivers
v0x558867c143b0_0 .net "gray22", 8 0, L_0x558867c15ce0;  1 drivers
v0x558867c14490_0 .net/s "tmp", 13 0, L_0x558867c15e00;  1 drivers
v0x558867c14570_0 .var/s "tmp_x", 11 0;
v0x558867c14650_0 .var/s "tmp_y", 11 0;
E_0x558867be2800 .event posedge, v0x558867bf15f0_0;
L_0x558867c148b0 .part o0x7f6e2b977048, 16, 8;
L_0x558867c14950 .concat [ 8 1 0 0], L_0x558867c148b0, L_0x7f6e2b92e018;
L_0x558867c14a40 .part o0x7f6e2b977078, 16, 8;
L_0x558867c14ae0 .concat [ 8 1 0 0], L_0x558867c14a40, L_0x7f6e2b92e060;
L_0x558867c14c50 .part o0x7f6e2b9770a8, 16, 8;
L_0x558867c14d20 .concat [ 8 1 0 0], L_0x558867c14c50, L_0x7f6e2b92e0a8;
L_0x558867c14ed0 .part o0x7f6e2b9770d8, 16, 8;
L_0x558867c14fa0 .concat [ 8 1 0 0], L_0x558867c14ed0, L_0x7f6e2b92e0f0;
L_0x558867c15160 .part o0x7f6e2b977108, 16, 8;
L_0x558867c15230 .concat [ 8 1 0 0], L_0x558867c15160, L_0x7f6e2b92e138;
L_0x558867c15400 .part o0x7f6e2b977138, 16, 8;
L_0x558867c154a0 .concat [ 8 1 0 0], L_0x558867c15400, L_0x7f6e2b92e180;
L_0x558867c15680 .part o0x7f6e2b977168, 16, 8;
L_0x558867c15750 .concat [ 8 1 0 0], L_0x558867c15680, L_0x7f6e2b92e1c8;
L_0x558867c15940 .part o0x7f6e2b977198, 16, 8;
L_0x558867c15a10 .concat [ 8 1 0 0], L_0x558867c15940, L_0x7f6e2b92e210;
L_0x558867c15c10 .part o0x7f6e2b9771c8, 16, 8;
L_0x558867c15ce0 .concat [ 8 1 0 0], L_0x558867c15c10, L_0x7f6e2b92e258;
L_0x558867c15ef0 .extend/s 14, v0x558867c14570_0;
L_0x558867c15fc0 .extend/s 14, v0x558867c14650_0;
L_0x558867c15e00 .arith/sum 14, L_0x558867c15ef0, L_0x558867c15fc0;
    .scope S_0x558867befaa0;
T_0 ;
    %wait E_0x558867be2800;
    %load/vec4 v0x558867c12750_0;
    %inv;
    %flag_set/vec4 8;
    %jmp/0xz  T_0.0, 8;
    %pushi/vec4 0, 0, 12;
    %assign/vec4 v0x558867c14570_0, 0;
    %pushi/vec4 0, 0, 12;
    %assign/vec4 v0x558867c14650_0, 0;
    %jmp T_0.1;
T_0.0 ;
    %load/vec4 v0x558867c13aa0_0;
    %pad/u 12;
    %load/vec4 v0x558867c13e70_0;
    %pad/u 12;
    %sub;
    %load/vec4 v0x558867c13f50_0;
    %pad/u 12;
    %ix/load 4, 1, 0;
    %flag_set/imm 4, 0;
    %shiftl 4;
    %add;
    %load/vec4 v0x558867c14110_0;
    %pad/u 12;
    %ix/load 4, 1, 0;
    %flag_set/imm 4, 0;
    %shiftl 4;
    %sub;
    %load/vec4 v0x558867c141f0_0;
    %pad/u 12;
    %add;
    %load/vec4 v0x558867c143b0_0;
    %pad/u 12;
    %sub;
    %assign/vec4 v0x558867c14570_0, 0;
    %load/vec4 v0x558867c141f0_0;
    %pad/u 12;
    %load/vec4 v0x558867c142d0_0;
    %pad/u 12;
    %ix/load 4, 1, 0;
    %flag_set/imm 4, 0;
    %shiftl 4;
    %add;
    %load/vec4 v0x558867c143b0_0;
    %pad/u 12;
    %add;
    %load/vec4 v0x558867c13aa0_0;
    %pad/u 12;
    %sub;
    %load/vec4 v0x558867c13d90_0;
    %pad/u 12;
    %ix/load 4, 1, 0;
    %flag_set/imm 4, 0;
    %shiftl 4;
    %sub;
    %load/vec4 v0x558867c13e70_0;
    %pad/u 12;
    %sub;
    %assign/vec4 v0x558867c14650_0, 0;
T_0.1 ;
    %jmp T_0;
    .thread T_0;
    .scope S_0x558867befaa0;
T_1 ;
    %wait E_0x558867be2800;
    %load/vec4 v0x558867c12750_0;
    %inv;
    %flag_set/vec4 8;
    %jmp/0xz  T_1.0, 8;
    %pushi/vec4 0, 0, 24;
    %assign/vec4 v0x558867c12670_0, 0;
    %jmp T_1.1;
T_1.0 ;
    %pushi/vec4 160, 0, 32;
    %load/vec4 v0x558867c14490_0;
    %pad/s 32;
    %cmp/s;
    %flag_mov 8, 5;
    %jmp/0 T_1.2, 8;
    %pushi/vec4 16777215, 0, 24;
    %jmp/1 T_1.3, 8;
T_1.2 ; End of true expr.
    %load/vec4 v0x558867c14490_0;
    %pad/s 32;
    %cmpi/s 0, 0, 32;
    %flag_mov 9, 5;
    %jmp/0 T_1.4, 9;
    %pushi/vec4 0, 0, 24;
    %jmp/1 T_1.5, 9;
T_1.4 ; End of true expr.
    %load/vec4 v0x558867c14490_0;
    %parti/s 8, 0, 2;
    %load/vec4 v0x558867c14490_0;
    %parti/s 8, 0, 2;
    %concat/vec4; draw_concat_vec4
    %load/vec4 v0x558867c14490_0;
    %parti/s 8, 0, 2;
    %concat/vec4; draw_concat_vec4
    %jmp/0 T_1.5, 9;
 ; End of false expr.
    %blend;
T_1.5;
    %jmp/0 T_1.3, 8;
 ; End of false expr.
    %blend;
T_1.3;
    %assign/vec4 v0x558867c12670_0, 0;
T_1.1 ;
    %jmp T_1;
    .thread T_1;
# The file index is used to find the file name in the following table.
:file_names 3;
    "N/A";
    "<interactive>";
    "sobel.v";
